#
# There is insufficient memory for the Java Runtime Environment to continue.
# Native memory allocation (malloc) failed to allocate 2248240 bytes for Chunk::new
# Possible reasons:
#   The system is out of physical RAM or swap space
#   The process is running with CompressedOops enabled, and the Java Heap may be blocking the growth of the native heap
# Possible solutions:
#   Reduce memory load on the system
#   Increase physical memory or swap space
#   Check if swap backing store is full
#   Decrease Java heap size (-Xmx/-Xms)
#   Decrease number of Java threads
#   Decrease Java thread stack sizes (-Xss)
#   Set larger code cache with -XX:ReservedCodeCacheSize=
#   JVM is running with Unscaled Compressed Oops mode in which the Java heap is
#     placed in the first 4GB address space. The Java Heap base address is the
#     maximum limit for the native heap growth. Please use -XX:HeapBaseMinAddress
#     to set the Java Heap base and to place the Java Heap above 4GB virtual address.
# This output file may be truncated or incomplete.
#
#  Out of Memory Error (arena.cpp:189), pid=24508, tid=24872
#
# JRE version: Java(TM) SE Runtime Environment (17.0.15+9) (build 17.0.15+9-LTS-241)
# Java VM: Java HotSpot(TM) 64-Bit Server VM (17.0.15+9-LTS-241, mixed mode, sharing, tiered, compressed oops, compressed class ptrs, g1 gc, windows-amd64)
# No core dump will be written. Minidumps are not enabled by default on client versions of Windows
#

---------------  S U M M A R Y ------------

Command Line: --add-opens=java.base/java.lang=ALL-UNNAMED --add-opens=java.base/java.lang.invoke=ALL-UNNAMED --add-opens=java.base/java.util=ALL-UNNAMED --add-opens=java.prefs/java.util.prefs=ALL-UNNAMED --add-exports=jdk.compiler/com.sun.tools.javac.api=ALL-UNNAMED --add-exports=jdk.compiler/com.sun.tools.javac.util=ALL-UNNAMED --add-opens=java.base/java.util=ALL-UNNAMED --add-opens=java.prefs/java.util.prefs=ALL-UNNAMED --add-opens=java.base/java.nio.charset=ALL-UNNAMED --add-opens=java.base/java.net=ALL-UNNAMED --add-opens=java.base/java.util.concurrent.atomic=ALL-UNNAMED --add-opens=java.xml/javax.xml.namespace=ALL-UNNAMED -Xmx2048m -Dfile.encoding=UTF-8 -Duser.country=GB -Duser.language=en -Duser.variant -javaagent:C:\Users\jimmy\.gradle\wrapper\dists\gradle-8.13-bin\5xuhj0ry160q40clulazy9h7d\gradle-8.13\lib\agents\gradle-instrumentation-agent-8.13.jar org.gradle.launcher.daemon.bootstrap.GradleDaemon 8.13

Host: AMD Ryzen 5 5625U with Radeon Graphics         , 12 cores, 7G,  Windows 11 , 64 bit Build 26100 (10.0.26100.7019)
Time: Wed Nov 12 14:24:07 2025 E. Africa Standard Time elapsed time: 9.276211 seconds (0d 0h 0m 9s)

---------------  T H R E A D  ---------------

Current thread (0x000001e6795c6250):  JavaThread "C2 CompilerThread0" daemon [_thread_in_native, id=24872, stack(0x0000001370a00000,0x0000001370b00000)]


Current CompileTask:
C2:   9276 2560   !   4       java.net.URLClassLoader::findClass (47 bytes)

Stack: [0x0000001370a00000,0x0000001370b00000]
Native frames: (J=compiled Java code, j=interpreted, Vv=VM code, C=native code)
V  [jvm.dll+0x67a46a]
V  [jvm.dll+0x7da6ad]
V  [jvm.dll+0x7dbff3]
V  [jvm.dll+0x7dc663]
V  [jvm.dll+0x24523f]
V  [jvm.dll+0xab763]
V  [jvm.dll+0xabd2c]
V  [jvm.dll+0x361f0e]
V  [jvm.dll+0x32c5e1]
V  [jvm.dll+0x32ba7a]
V  [jvm.dll+0x2169ef]
V  [jvm.dll+0x215e1f]
V  [jvm.dll+0x1a2a00]
V  [jvm.dll+0x2262bb]
V  [jvm.dll+0x22445b]
V  [jvm.dll+0x790acc]
V  [jvm.dll+0x78b0ba]
V  [jvm.dll+0x679355]
C  [ucrtbase.dll+0x37b0]
C  [KERNEL32.DLL+0x2e8d7]
C  [ntdll.dll+0x8c53c]


---------------  P R O C E S S  ---------------

Threads class SMR info:
_java_thread_list=0x000001e64101e8e0, length=26, elements={
0x000001e65b12a150, 0x000001e6795ab520, 0x000001e6795abfe0, 0x000001e6795c1b60,
0x000001e6795c4430, 0x000001e6795c4cf0, 0x000001e6795c55b0, 0x000001e6795c6250,
0x000001e6795c6c00, 0x000001e6795cca10, 0x000001e679a12e60, 0x000001e679b79330,
0x000001e67ee6e680, 0x000001e67e947e00, 0x000001e67f6d24e0, 0x000001e679a0f560,
0x000001e67e127f40, 0x000001e67eb6b590, 0x000001e67eb43500, 0x000001e67f6a00b0,
0x000001e67f69fbe0, 0x000001e67f69d090, 0x000001e641183120, 0x000001e67f69e3d0,
0x000001e67f69e8a0, 0x000001e67f69ed70
}

Java Threads: ( => current thread )
  0x000001e65b12a150 JavaThread "main" [_thread_blocked, id=13072, stack(0x000000136fd00000,0x000000136fe00000)]
  0x000001e6795ab520 JavaThread "Reference Handler" daemon [_thread_blocked, id=33308, stack(0x0000001370400000,0x0000001370500000)]
  0x000001e6795abfe0 JavaThread "Finalizer" daemon [_thread_blocked, id=27564, stack(0x0000001370500000,0x0000001370600000)]
  0x000001e6795c1b60 JavaThread "Signal Dispatcher" daemon [_thread_blocked, id=30184, stack(0x0000001370600000,0x0000001370700000)]
  0x000001e6795c4430 JavaThread "Attach Listener" daemon [_thread_blocked, id=25876, stack(0x0000001370700000,0x0000001370800000)]
  0x000001e6795c4cf0 JavaThread "Service Thread" daemon [_thread_blocked, id=20224, stack(0x0000001370800000,0x0000001370900000)]
  0x000001e6795c55b0 JavaThread "Monitor Deflation Thread" daemon [_thread_blocked, id=18696, stack(0x0000001370900000,0x0000001370a00000)]
=>0x000001e6795c6250 JavaThread "C2 CompilerThread0" daemon [_thread_in_native, id=24872, stack(0x0000001370a00000,0x0000001370b00000)]
  0x000001e6795c6c00 JavaThread "C1 CompilerThread0" daemon [_thread_blocked, id=32608, stack(0x0000001370b00000,0x0000001370c00000)]
  0x000001e6795cca10 JavaThread "Sweeper thread" daemon [_thread_blocked, id=26856, stack(0x0000001370c00000,0x0000001370d00000)]
  0x000001e679a12e60 JavaThread "Common-Cleaner" daemon [_thread_blocked, id=14504, stack(0x0000001370d00000,0x0000001370e00000)]
  0x000001e679b79330 JavaThread "Notification Thread" daemon [_thread_blocked, id=31472, stack(0x0000001370e00000,0x0000001370f00000)]
  0x000001e67ee6e680 JavaThread "Daemon health stats" [_thread_blocked, id=30024, stack(0x0000001371500000,0x0000001371600000)]
  0x000001e67e947e00 JavaThread "Incoming local TCP Connector on port 56399" [_thread_in_native, id=33412, stack(0x0000001371000000,0x0000001371100000)]
  0x000001e67f6d24e0 JavaThread "Daemon periodic checks" [_thread_blocked, id=12596, stack(0x0000001371600000,0x0000001371700000)]
  0x000001e679a0f560 JavaThread "Daemon" [_thread_blocked, id=31036, stack(0x0000001371700000,0x0000001371800000)]
  0x000001e67e127f40 JavaThread "Handler for socket connection from /127.0.0.1:56399 to /127.0.0.1:56401" [_thread_in_native, id=18688, stack(0x0000001371800000,0x0000001371900000)]
  0x000001e67eb6b590 JavaThread "Cancel handler" [_thread_blocked, id=25140, stack(0x0000001371900000,0x0000001371a00000)]
  0x000001e67eb43500 JavaThread "Daemon worker" [_thread_in_vm, id=20108, stack(0x0000001371a00000,0x0000001371b00000)]
  0x000001e67f6a00b0 JavaThread "Asynchronous log dispatcher for DefaultDaemonConnection: socket connection from /127.0.0.1:56399 to /127.0.0.1:56401" [_thread_blocked, id=24692, stack(0x0000001371b00000,0x0000001371c00000)]
  0x000001e67f69fbe0 JavaThread "Stdin handler" [_thread_blocked, id=21068, stack(0x0000001371c00000,0x0000001371d00000)]
  0x000001e67f69d090 JavaThread "Daemon client event forwarder" [_thread_blocked, id=29292, stack(0x0000001371d00000,0x0000001371e00000)]
  0x000001e641183120 JavaThread "C2 CompilerThread1" daemon [_thread_in_native, id=15220, stack(0x0000001371e00000,0x0000001371f00000)]
  0x000001e67f69e3d0 JavaThread "Cache worker for journal cache (C:\Users\jimmy\.gradle\caches\journal-1)" [_thread_blocked, id=10960, stack(0x0000001371f00000,0x0000001372000000)]
  0x000001e67f69e8a0 JavaThread "File lock request listener" [_thread_in_native, id=25152, stack(0x0000001372000000,0x0000001372100000)]
  0x000001e67f69ed70 JavaThread "Cache worker for file hash cache (C:\Users\jimmy\.gradle\caches\8.13\fileHashes)" [_thread_blocked, id=420, stack(0x0000001372100000,0x0000001372200000)]

Other Threads:
  0x000001e6795a4fc0 VMThread "VM Thread" [stack: 0x0000001370300000,0x0000001370400000] [id=25412]
  0x000001e65b1b9ab0 WatcherThread [stack: 0x0000001370f00000,0x0000001371000000] [id=30168]
  0x000001e65b186a10 GCTaskThread "GC Thread#0" [stack: 0x000000136fe00000,0x000000136ff00000] [id=24884]
  0x000001e67e017db0 GCTaskThread "GC Thread#1" [stack: 0x0000001371100000,0x0000001371200000] [id=18876]
  0x000001e679c4fde0 GCTaskThread "GC Thread#2" [stack: 0x0000001371200000,0x0000001371300000] [id=9688]
  0x000001e67edd71a0 GCTaskThread "GC Thread#3" [stack: 0x0000001371300000,0x0000001371400000] [id=29880]
  0x000001e67ee1a520 GCTaskThread "GC Thread#4" [stack: 0x0000001371400000,0x0000001371500000] [id=32764]
  0x000001e67e0f82d0 GCTaskThread "GC Thread#5" [stack: 0x0000001372200000,0x0000001372300000] [id=33684]
  0x000001e67eaff450 GCTaskThread "GC Thread#6" [stack: 0x0000001372300000,0x0000001372400000] [id=32872]
  0x000001e67e408c40 GCTaskThread "GC Thread#7" [stack: 0x0000001372400000,0x0000001372500000] [id=26332]
  0x000001e67f62ad20 GCTaskThread "GC Thread#8" [stack: 0x0000001372500000,0x0000001372600000] [id=27308]
  0x000001e67e3768a0 GCTaskThread "GC Thread#9" [stack: 0x0000001372600000,0x0000001372700000] [id=26768]
  0x000001e65b199550 ConcurrentGCThread "G1 Main Marker" [stack: 0x000000136ff00000,0x0000001370000000] [id=29188]
  0x000001e65b19a610 ConcurrentGCThread "G1 Conc#0" [stack: 0x0000001370000000,0x0000001370100000] [id=29888]
  0x000001e65b1edd70 ConcurrentGCThread "G1 Refine#0" [stack: 0x0000001370100000,0x0000001370200000] [id=18456]
  0x000001e65b1ee450 ConcurrentGCThread "G1 Service" [stack: 0x0000001370200000,0x0000001370300000] [id=30936]

Threads with active compile tasks:
C2 CompilerThread0     9333 2560   !   4       java.net.URLClassLoader::findClass (47 bytes)
C2 CompilerThread1     9333 2561       4       java.net.URLClassLoader$1::run (5 bytes)

VM state: not at safepoint (normal execution)

VM Mutex/Monitor currently owned by a thread: None

Heap address: 0x0000000080000000, size: 2048 MB, Compressed Oops mode: 32-bit

CDS archive(s) mapped at: [0x000001e600000000-0x000001e600bd0000-0x000001e600bd0000), size 12386304, SharedBaseAddress: 0x000001e600000000, ArchiveRelocationMode: 1.
Compressed class space mapped at: 0x000001e601000000-0x000001e641000000, reserved size: 1073741824
Narrow klass base: 0x000001e600000000, Narrow klass shift: 0, Narrow klass range: 0x100000000

GC Precious Log:
 CPUs: 12 total, 12 available
 Memory: 7531M
 Large Page Support: Disabled
 NUMA Support: Disabled
 Compressed Oops: Enabled (32-bit)
 Heap Region Size: 1M
 Heap Min Capacity: 8M
 Heap Initial Capacity: 118M
 Heap Max Capacity: 2G
 Pre-touch: Disabled
 Parallel Workers: 10
 Concurrent Workers: 3
 Concurrent Refinement Workers: 10
 Periodic GC: Disabled

Heap:
 garbage-first heap   total 120832K, used 48726K [0x0000000080000000, 0x0000000100000000)
  region size 1024K, 37 young (37888K), 9 survivors (9216K)
 Metaspace       used 19630K, committed 19968K, reserved 1114112K
  class space    used 2867K, committed 3008K, reserved 1048576K

Heap Regions: E=young(eden), S=young(survivor), O=old, HS=humongous(starts), HC=humongous(continues), CS=collection set, F=free, OA=open archive, CA=closed archive, TAMS=top-at-mark-start (previous, next)
|   0|0x0000000080000000, 0x0000000080100000, 0x0000000080100000|100%|HS|  |TAMS 0x0000000080000000, 0x0000000080000000| Complete 
|   1|0x0000000080100000, 0x0000000080200000, 0x0000000080200000|100%|HC|  |TAMS 0x0000000080100000, 0x0000000080100000| Complete 
|   2|0x0000000080200000, 0x0000000080300000, 0x0000000080300000|100%|HC|  |TAMS 0x0000000080200000, 0x0000000080200000| Complete 
|   3|0x0000000080300000, 0x0000000080400000, 0x0000000080400000|100%| O|  |TAMS 0x0000000080300000, 0x0000000080300000| Untracked 
|   4|0x0000000080400000, 0x0000000080500000, 0x0000000080500000|100%| O|  |TAMS 0x0000000080400000, 0x0000000080400000| Untracked 
|   5|0x0000000080500000, 0x0000000080600000, 0x0000000080600000|100%| O|  |TAMS 0x0000000080500000, 0x0000000080500000| Untracked 
|   6|0x0000000080600000, 0x0000000080700000, 0x0000000080700000|100%|HS|  |TAMS 0x0000000080600000, 0x0000000080600000| Complete 
|   7|0x0000000080700000, 0x0000000080700000, 0x0000000080800000|  0%| F|  |TAMS 0x0000000080700000, 0x0000000080700000| Untracked 
|   8|0x0000000080800000, 0x0000000080900000, 0x0000000080900000|100%| O|  |TAMS 0x0000000080800000, 0x0000000080800000| Untracked 
|   9|0x0000000080900000, 0x0000000080a00000, 0x0000000080a00000|100%| O|  |TAMS 0x0000000080900000, 0x0000000080900000| Untracked 
|  10|0x0000000080a00000, 0x0000000080b00000, 0x0000000080b00000|100%| O|  |TAMS 0x0000000080a00000, 0x0000000080a00000| Untracked 
|  11|0x0000000080b00000, 0x0000000080c00000, 0x0000000080c00000|100%| O|  |TAMS 0x0000000080b00000, 0x0000000080b00000| Untracked 
|  12|0x0000000080c00000, 0x0000000080c95a00, 0x0000000080d00000| 58%| O|  |TAMS 0x0000000080c00000, 0x0000000080c00000| Untracked 
|  13|0x0000000080d00000, 0x0000000080d00000, 0x0000000080e00000|  0%| F|  |TAMS 0x0000000080d00000, 0x0000000080d00000| Untracked 
|  14|0x0000000080e00000, 0x0000000080e00000, 0x0000000080f00000|  0%| F|  |TAMS 0x0000000080e00000, 0x0000000080e00000| Untracked 
|  15|0x0000000080f00000, 0x0000000080f00000, 0x0000000081000000|  0%| F|  |TAMS 0x0000000080f00000, 0x0000000080f00000| Untracked 
|  16|0x0000000081000000, 0x0000000081000000, 0x0000000081100000|  0%| F|  |TAMS 0x0000000081000000, 0x0000000081000000| Untracked 
|  17|0x0000000081100000, 0x0000000081100000, 0x0000000081200000|  0%| F|  |TAMS 0x0000000081100000, 0x0000000081100000| Untracked 
|  18|0x0000000081200000, 0x0000000081200000, 0x0000000081300000|  0%| F|  |TAMS 0x0000000081200000, 0x0000000081200000| Untracked 
|  19|0x0000000081300000, 0x0000000081300000, 0x0000000081400000|  0%| F|  |TAMS 0x0000000081300000, 0x0000000081300000| Untracked 
|  20|0x0000000081400000, 0x0000000081400000, 0x0000000081500000|  0%| F|  |TAMS 0x0000000081400000, 0x0000000081400000| Untracked 
|  21|0x0000000081500000, 0x0000000081500000, 0x0000000081600000|  0%| F|  |TAMS 0x0000000081500000, 0x0000000081500000| Untracked 
|  22|0x0000000081600000, 0x0000000081600000, 0x0000000081700000|  0%| F|  |TAMS 0x0000000081600000, 0x0000000081600000| Untracked 
|  23|0x0000000081700000, 0x0000000081700000, 0x0000000081800000|  0%| F|  |TAMS 0x0000000081700000, 0x0000000081700000| Untracked 
|  24|0x0000000081800000, 0x0000000081800000, 0x0000000081900000|  0%| F|  |TAMS 0x0000000081800000, 0x0000000081800000| Untracked 
|  25|0x0000000081900000, 0x0000000081900000, 0x0000000081a00000|  0%| F|  |TAMS 0x0000000081900000, 0x0000000081900000| Untracked 
|  26|0x0000000081a00000, 0x0000000081a00000, 0x0000000081b00000|  0%| F|  |TAMS 0x0000000081a00000, 0x0000000081a00000| Untracked 
|  27|0x0000000081b00000, 0x0000000081b00000, 0x0000000081c00000|  0%| F|  |TAMS 0x0000000081b00000, 0x0000000081b00000| Untracked 
|  28|0x0000000081c00000, 0x0000000081c00000, 0x0000000081d00000|  0%| F|  |TAMS 0x0000000081c00000, 0x0000000081c00000| Untracked 
|  29|0x0000000081d00000, 0x0000000081d00000, 0x0000000081e00000|  0%| F|  |TAMS 0x0000000081d00000, 0x0000000081d00000| Untracked 
|  30|0x0000000081e00000, 0x0000000081e00000, 0x0000000081f00000|  0%| F|  |TAMS 0x0000000081e00000, 0x0000000081e00000| Untracked 
|  31|0x0000000081f00000, 0x0000000081f00000, 0x0000000082000000|  0%| F|  |TAMS 0x0000000081f00000, 0x0000000081f00000| Untracked 
|  32|0x0000000082000000, 0x0000000082000000, 0x0000000082100000|  0%| F|  |TAMS 0x0000000082000000, 0x0000000082000000| Untracked 
|  33|0x0000000082100000, 0x0000000082100000, 0x0000000082200000|  0%| F|  |TAMS 0x0000000082100000, 0x0000000082100000| Untracked 
|  34|0x0000000082200000, 0x0000000082200000, 0x0000000082300000|  0%| F|  |TAMS 0x0000000082200000, 0x0000000082200000| Untracked 
|  35|0x0000000082300000, 0x0000000082300000, 0x0000000082400000|  0%| F|  |TAMS 0x0000000082300000, 0x0000000082300000| Untracked 
|  36|0x0000000082400000, 0x0000000082400000, 0x0000000082500000|  0%| F|  |TAMS 0x0000000082400000, 0x0000000082400000| Untracked 
|  37|0x0000000082500000, 0x0000000082500000, 0x0000000082600000|  0%| F|  |TAMS 0x0000000082500000, 0x0000000082500000| Untracked 
|  38|0x0000000082600000, 0x0000000082600000, 0x0000000082700000|  0%| F|  |TAMS 0x0000000082600000, 0x0000000082600000| Untracked 
|  39|0x0000000082700000, 0x0000000082700000, 0x0000000082800000|  0%| F|  |TAMS 0x0000000082700000, 0x0000000082700000| Untracked 
|  40|0x0000000082800000, 0x0000000082900000, 0x0000000082900000|100%| S|CS|TAMS 0x0000000082800000, 0x0000000082800000| Complete 
|  41|0x0000000082900000, 0x0000000082a00000, 0x0000000082a00000|100%| S|CS|TAMS 0x0000000082900000, 0x0000000082900000| Complete 
|  42|0x0000000082a00000, 0x0000000082b00000, 0x0000000082b00000|100%| S|CS|TAMS 0x0000000082a00000, 0x0000000082a00000| Complete 
|  43|0x0000000082b00000, 0x0000000082c00000, 0x0000000082c00000|100%| S|CS|TAMS 0x0000000082b00000, 0x0000000082b00000| Complete 
|  44|0x0000000082c00000, 0x0000000082d00000, 0x0000000082d00000|100%| S|CS|TAMS 0x0000000082c00000, 0x0000000082c00000| Complete 
|  45|0x0000000082d00000, 0x0000000082e00000, 0x0000000082e00000|100%| S|CS|TAMS 0x0000000082d00000, 0x0000000082d00000| Complete 
|  46|0x0000000082e00000, 0x0000000082f00000, 0x0000000082f00000|100%| S|CS|TAMS 0x0000000082e00000, 0x0000000082e00000| Complete 
|  47|0x0000000082f00000, 0x0000000083000000, 0x0000000083000000|100%| S|CS|TAMS 0x0000000082f00000, 0x0000000082f00000| Complete 
|  48|0x0000000083000000, 0x0000000083100000, 0x0000000083100000|100%| S|CS|TAMS 0x0000000083000000, 0x0000000083000000| Complete 
|  49|0x0000000083100000, 0x0000000083100000, 0x0000000083200000|  0%| F|  |TAMS 0x0000000083100000, 0x0000000083100000| Untracked 
|  50|0x0000000083200000, 0x0000000083200000, 0x0000000083300000|  0%| F|  |TAMS 0x0000000083200000, 0x0000000083200000| Untracked 
|  51|0x0000000083300000, 0x0000000083300000, 0x0000000083400000|  0%| F|  |TAMS 0x0000000083300000, 0x0000000083300000| Untracked 
|  52|0x0000000083400000, 0x0000000083400000, 0x0000000083500000|  0%| F|  |TAMS 0x0000000083400000, 0x0000000083400000| Untracked 
|  53|0x0000000083500000, 0x0000000083500000, 0x0000000083600000|  0%| F|  |TAMS 0x0000000083500000, 0x0000000083500000| Untracked 
|  54|0x0000000083600000, 0x0000000083600000, 0x0000000083700000|  0%| F|  |TAMS 0x0000000083600000, 0x0000000083600000| Untracked 
|  55|0x0000000083700000, 0x0000000083700000, 0x0000000083800000|  0%| F|  |TAMS 0x0000000083700000, 0x0000000083700000| Untracked 
|  56|0x0000000083800000, 0x0000000083800000, 0x0000000083900000|  0%| F|  |TAMS 0x0000000083800000, 0x0000000083800000| Untracked 
|  57|0x0000000083900000, 0x0000000083900000, 0x0000000083a00000|  0%| F|  |TAMS 0x0000000083900000, 0x0000000083900000| Untracked 
|  58|0x0000000083a00000, 0x0000000083a00000, 0x0000000083b00000|  0%| F|  |TAMS 0x0000000083a00000, 0x0000000083a00000| Untracked 
|  59|0x0000000083b00000, 0x0000000083b00000, 0x0000000083c00000|  0%| F|  |TAMS 0x0000000083b00000, 0x0000000083b00000| Untracked 
|  60|0x0000000083c00000, 0x0000000083c00000, 0x0000000083d00000|  0%| F|  |TAMS 0x0000000083c00000, 0x0000000083c00000| Untracked 
|  61|0x0000000083d00000, 0x0000000083d00000, 0x0000000083e00000|  0%| F|  |TAMS 0x0000000083d00000, 0x0000000083d00000| Untracked 
|  62|0x0000000083e00000, 0x0000000083e00000, 0x0000000083f00000|  0%| F|  |TAMS 0x0000000083e00000, 0x0000000083e00000| Untracked 
|  63|0x0000000083f00000, 0x0000000083f00000, 0x0000000084000000|  0%| F|  |TAMS 0x0000000083f00000, 0x0000000083f00000| Untracked 
|  64|0x0000000084000000, 0x0000000084000000, 0x0000000084100000|  0%| F|  |TAMS 0x0000000084000000, 0x0000000084000000| Untracked 
|  65|0x0000000084100000, 0x0000000084100000, 0x0000000084200000|  0%| F|  |TAMS 0x0000000084100000, 0x0000000084100000| Untracked 
|  66|0x0000000084200000, 0x0000000084200000, 0x0000000084300000|  0%| F|  |TAMS 0x0000000084200000, 0x0000000084200000| Untracked 
|  67|0x0000000084300000, 0x0000000084300000, 0x0000000084400000|  0%| F|  |TAMS 0x0000000084300000, 0x0000000084300000| Untracked 
|  68|0x0000000084400000, 0x0000000084400000, 0x0000000084500000|  0%| F|  |TAMS 0x0000000084400000, 0x0000000084400000| Untracked 
|  69|0x0000000084500000, 0x0000000084500000, 0x0000000084600000|  0%| F|  |TAMS 0x0000000084500000, 0x0000000084500000| Untracked 
|  70|0x0000000084600000, 0x0000000084600000, 0x0000000084700000|  0%| F|  |TAMS 0x0000000084600000, 0x0000000084600000| Untracked 
|  71|0x0000000084700000, 0x0000000084700000, 0x0000000084800000|  0%| F|  |TAMS 0x0000000084700000, 0x0000000084700000| Untracked 
|  72|0x0000000084800000, 0x0000000084800000, 0x0000000084900000|  0%| F|  |TAMS 0x0000000084800000, 0x0000000084800000| Untracked 
|  73|0x0000000084900000, 0x0000000084900000, 0x0000000084a00000|  0%| F|  |TAMS 0x0000000084900000, 0x0000000084900000| Untracked 
|  74|0x0000000084a00000, 0x0000000084a00000, 0x0000000084b00000|  0%| F|  |TAMS 0x0000000084a00000, 0x0000000084a00000| Untracked 
|  75|0x0000000084b00000, 0x0000000084b00000, 0x0000000084c00000|  0%| F|  |TAMS 0x0000000084b00000, 0x0000000084b00000| Untracked 
|  76|0x0000000084c00000, 0x0000000084c00000, 0x0000000084d00000|  0%| F|  |TAMS 0x0000000084c00000, 0x0000000084c00000| Untracked 
|  77|0x0000000084d00000, 0x0000000084d00000, 0x0000000084e00000|  0%| F|  |TAMS 0x0000000084d00000, 0x0000000084d00000| Untracked 
|  78|0x0000000084e00000, 0x0000000084e00000, 0x0000000084f00000|  0%| F|  |TAMS 0x0000000084e00000, 0x0000000084e00000| Untracked 
|  79|0x0000000084f00000, 0x0000000084f00000, 0x0000000085000000|  0%| F|  |TAMS 0x0000000084f00000, 0x0000000084f00000| Untracked 
|  80|0x0000000085000000, 0x0000000085000000, 0x0000000085100000|  0%| F|  |TAMS 0x0000000085000000, 0x0000000085000000| Untracked 
|  81|0x0000000085100000, 0x0000000085100000, 0x0000000085200000|  0%| F|  |TAMS 0x0000000085100000, 0x0000000085100000| Untracked 
|  82|0x0000000085200000, 0x0000000085200000, 0x0000000085300000|  0%| F|  |TAMS 0x0000000085200000, 0x0000000085200000| Untracked 
|  83|0x0000000085300000, 0x0000000085300000, 0x0000000085400000|  0%| F|  |TAMS 0x0000000085300000, 0x0000000085300000| Untracked 
|  84|0x0000000085400000, 0x0000000085400000, 0x0000000085500000|  0%| F|  |TAMS 0x0000000085400000, 0x0000000085400000| Untracked 
|  85|0x0000000085500000, 0x0000000085500000, 0x0000000085600000|  0%| F|  |TAMS 0x0000000085500000, 0x0000000085500000| Untracked 
|  86|0x0000000085600000, 0x0000000085600000, 0x0000000085700000|  0%| F|  |TAMS 0x0000000085600000, 0x0000000085600000| Untracked 
|  87|0x0000000085700000, 0x0000000085700000, 0x0000000085800000|  0%| F|  |TAMS 0x0000000085700000, 0x0000000085700000| Untracked 
|  88|0x0000000085800000, 0x0000000085800000, 0x0000000085900000|  0%| F|  |TAMS 0x0000000085800000, 0x0000000085800000| Untracked 
|  89|0x0000000085900000, 0x0000000085980d60, 0x0000000085a00000| 50%| E|  |TAMS 0x0000000085900000, 0x0000000085900000| Complete 
|  90|0x0000000085a00000, 0x0000000085b00000, 0x0000000085b00000|100%| E|CS|TAMS 0x0000000085a00000, 0x0000000085a00000| Complete 
|  91|0x0000000085b00000, 0x0000000085c00000, 0x0000000085c00000|100%| E|CS|TAMS 0x0000000085b00000, 0x0000000085b00000| Complete 
|  92|0x0000000085c00000, 0x0000000085d00000, 0x0000000085d00000|100%| E|CS|TAMS 0x0000000085c00000, 0x0000000085c00000| Complete 
|  93|0x0000000085d00000, 0x0000000085e00000, 0x0000000085e00000|100%| E|CS|TAMS 0x0000000085d00000, 0x0000000085d00000| Complete 
|  94|0x0000000085e00000, 0x0000000085f00000, 0x0000000085f00000|100%| E|CS|TAMS 0x0000000085e00000, 0x0000000085e00000| Complete 
|  95|0x0000000085f00000, 0x0000000086000000, 0x0000000086000000|100%| E|CS|TAMS 0x0000000085f00000, 0x0000000085f00000| Complete 
|  96|0x0000000086000000, 0x0000000086100000, 0x0000000086100000|100%| E|CS|TAMS 0x0000000086000000, 0x0000000086000000| Complete 
|  97|0x0000000086100000, 0x0000000086200000, 0x0000000086200000|100%| E|CS|TAMS 0x0000000086100000, 0x0000000086100000| Complete 
|  98|0x0000000086200000, 0x0000000086300000, 0x0000000086300000|100%| E|CS|TAMS 0x0000000086200000, 0x0000000086200000| Complete 
|  99|0x0000000086300000, 0x0000000086400000, 0x0000000086400000|100%| E|CS|TAMS 0x0000000086300000, 0x0000000086300000| Complete 
| 100|0x0000000086400000, 0x0000000086500000, 0x0000000086500000|100%| E|CS|TAMS 0x0000000086400000, 0x0000000086400000| Complete 
| 101|0x0000000086500000, 0x0000000086600000, 0x0000000086600000|100%| E|CS|TAMS 0x0000000086500000, 0x0000000086500000| Complete 
| 102|0x0000000086600000, 0x0000000086700000, 0x0000000086700000|100%| E|CS|TAMS 0x0000000086600000, 0x0000000086600000| Complete 
| 103|0x0000000086700000, 0x0000000086800000, 0x0000000086800000|100%| E|CS|TAMS 0x0000000086700000, 0x0000000086700000| Complete 
| 104|0x0000000086800000, 0x0000000086900000, 0x0000000086900000|100%| E|CS|TAMS 0x0000000086800000, 0x0000000086800000| Complete 
| 105|0x0000000086900000, 0x0000000086a00000, 0x0000000086a00000|100%| E|CS|TAMS 0x0000000086900000, 0x0000000086900000| Complete 
| 106|0x0000000086a00000, 0x0000000086b00000, 0x0000000086b00000|100%| E|CS|TAMS 0x0000000086a00000, 0x0000000086a00000| Complete 
| 107|0x0000000086b00000, 0x0000000086c00000, 0x0000000086c00000|100%| E|CS|TAMS 0x0000000086b00000, 0x0000000086b00000| Complete 
| 108|0x0000000086c00000, 0x0000000086d00000, 0x0000000086d00000|100%| E|CS|TAMS 0x0000000086c00000, 0x0000000086c00000| Complete 
| 109|0x0000000086d00000, 0x0000000086e00000, 0x0000000086e00000|100%| E|CS|TAMS 0x0000000086d00000, 0x0000000086d00000| Complete 
| 110|0x0000000086e00000, 0x0000000086f00000, 0x0000000086f00000|100%| E|CS|TAMS 0x0000000086e00000, 0x0000000086e00000| Complete 
| 111|0x0000000086f00000, 0x0000000087000000, 0x0000000087000000|100%| E|CS|TAMS 0x0000000086f00000, 0x0000000086f00000| Complete 
| 112|0x0000000087000000, 0x0000000087100000, 0x0000000087100000|100%| E|CS|TAMS 0x0000000087000000, 0x0000000087000000| Complete 
| 113|0x0000000087100000, 0x0000000087200000, 0x0000000087200000|100%| E|CS|TAMS 0x0000000087100000, 0x0000000087100000| Complete 
| 114|0x0000000087200000, 0x0000000087300000, 0x0000000087300000|100%| E|CS|TAMS 0x0000000087200000, 0x0000000087200000| Complete 
| 115|0x0000000087300000, 0x0000000087400000, 0x0000000087400000|100%| E|CS|TAMS 0x0000000087300000, 0x0000000087300000| Complete 
| 116|0x0000000087400000, 0x0000000087500000, 0x0000000087500000|100%| E|CS|TAMS 0x0000000087400000, 0x0000000087400000| Complete 
| 117|0x0000000087500000, 0x0000000087600000, 0x0000000087600000|100%| E|CS|TAMS 0x0000000087500000, 0x0000000087500000| Complete 

Card table byte_map: [0x000001e672360000,0x000001e672760000] _byte_map_base: 0x000001e671f60000

Marking Bits (Prev, Next): (CMBitMap*) 0x000001e65b187f50, (CMBitMap*) 0x000001e65b187f90
 Prev Bits: [0x000001e672b60000, 0x000001e674b60000)
 Next Bits: [0x000001e674b60000, 0x000001e676b60000)

Polling page: 0x000001e659490000

Metaspace:

Usage:
  Non-class:     16.39 MB used.
      Class:      2.81 MB used.
       Both:     19.20 MB used.

Virtual space:
  Non-class space:       64.00 MB reserved,      16.56 MB ( 26%) committed,  1 nodes.
      Class space:        1.00 GB reserved,       2.94 MB ( <1%) committed,  1 nodes.
             Both:        1.06 GB reserved,      19.50 MB (  2%) committed. 

Chunk freelists:
   Non-Class:  15.33 MB
       Class:  13.07 MB
        Both:  28.40 MB

MaxMetaspaceSize: unlimited
CompressedClassSpaceSize: 1.00 GB
Initial GC threshold: 21.00 MB
Current GC threshold: 21.00 MB
CDS: on
MetaspaceReclaimPolicy: balanced
 - commit_granule_bytes: 65536.
 - commit_granule_words: 8192.
 - virtual_space_node_default_size: 8388608.
 - enlarge_chunks_in_place: 1.
 - new_chunks_are_fully_committed: 0.
 - uncommit_free_chunks: 1.
 - use_allocation_guard: 0.
 - handle_deallocations: 1.


Internal statistics:

num_allocs_failed_limit: 0.
num_arena_births: 244.
num_arena_deaths: 0.
num_vsnodes_births: 2.
num_vsnodes_deaths: 0.
num_space_committed: 312.
num_space_uncommitted: 0.
num_chunks_returned_to_freelist: 0.
num_chunks_taken_from_freelist: 955.
num_chunk_merges: 0.
num_chunk_splits: 616.
num_chunks_enlarged: 420.
num_inconsistent_stats: 0.

CodeHeap 'non-profiled nmethods': size=120000Kb used=1386Kb max_used=1386Kb free=118613Kb
 bounds [0x000001e66a4e0000, 0x000001e66a750000, 0x000001e671a10000]
CodeHeap 'profiled nmethods': size=120000Kb used=5295Kb max_used=5295Kb free=114704Kb
 bounds [0x000001e662a10000, 0x000001e662f40000, 0x000001e669f40000]
CodeHeap 'non-nmethods': size=5760Kb used=1237Kb max_used=1291Kb free=4522Kb
 bounds [0x000001e669f40000, 0x000001e66a1b0000, 0x000001e66a4e0000]
 total_blobs=3170 nmethods=2625 adapters=457
 compilation: enabled
              stopped_count=0, restarted_count=0
 full_count=0

Compilation events (20 events):
Event: 8.188 Thread 0x000001e6795c6c00 2612       3       java.lang.invoke.InvokerBytecodeGenerator::isStaticallyNameable (148 bytes)
Event: 8.190 Thread 0x000001e6795c6c00 nmethod 2612 0x000001e662f32a10 code [0x000001e662f32d40, 0x000001e662f33ff8]
Event: 8.190 Thread 0x000001e6795c6c00 2615       3       java.lang.invoke.InvokerBytecodeGenerator::emitPushArguments (45 bytes)
Event: 8.191 Thread 0x000001e6795c6c00 nmethod 2615 0x000001e662f34510 code [0x000001e662f34700, 0x000001e662f34b78]
Event: 8.191 Thread 0x000001e6795c6c00 2614       3       java.lang.invoke.LambdaForm$NamedFunction::intrinsicName (21 bytes)
Event: 8.191 Thread 0x000001e6795c6c00 nmethod 2614 0x000001e662f34e10 code [0x000001e662f34fc0, 0x000001e662f35208]
Event: 8.218 Thread 0x000001e6795c6c00 2616       3       org.gradle.internal.service.DefaultServiceRegistry::access$2000 (4 bytes)
Event: 8.219 Thread 0x000001e6795c6c00 nmethod 2616 0x000001e662f35310 code [0x000001e662f354a0, 0x000001e662f35598]
Event: 8.246 Thread 0x000001e6795c6c00 2618       3       java.lang.invoke.MethodHandles$Lookup::resolveOrFail (44 bytes)
Event: 8.247 Thread 0x000001e6795c6c00 nmethod 2618 0x000001e662f35610 code [0x000001e662f358c0, 0x000001e662f36588]
Event: 8.247 Thread 0x000001e6795c6c00 2620       3       java.lang.invoke.InnerClassLambdaMetafactory::getParameterSize (27 bytes)
Event: 8.247 Thread 0x000001e6795c6c00 nmethod 2620 0x000001e662f36a10 code [0x000001e662f36bc0, 0x000001e662f36dd8]
Event: 8.247 Thread 0x000001e6795c6c00 2619       3       java.lang.invoke.MethodHandles$Lookup::getDirectMethodForConstant (72 bytes)
Event: 8.249 Thread 0x000001e6795c6c00 nmethod 2619 0x000001e662f36e90 code [0x000001e662f371e0, 0x000001e662f384e8]
Event: 8.288 Thread 0x000001e6795c6c00 2622       1       org.gradle.launcher.daemon.server.exec.DaemonConnectionBackedEventConsumer::access$000 (5 bytes)
Event: 8.288 Thread 0x000001e6795c6c00 nmethod 2622 0x000001e66a628210 code [0x000001e66a6283a0, 0x000001e66a628458]
Event: 9.115 Thread 0x000001e6795c6c00 2623       3       java.util.concurrent.locks.LockSupport::setBlocker (12 bytes)
Event: 9.116 Thread 0x000001e6795c6c00 nmethod 2623 0x000001e662f38b10 code [0x000001e662f38cc0, 0x000001e662f38ec8]
Event: 9.146 Thread 0x000001e6795c6c00 2624       3       java.util.concurrent.locks.ReentrantLock$Sync::isHeldExclusively (16 bytes)
Event: 9.146 Thread 0x000001e6795c6c00 nmethod 2624 0x000001e662f38f90 code [0x000001e662f39120, 0x000001e662f392b8]

GC Heap History (8 events):
Event: 1.258 GC heap before
{Heap before GC invocations=0 (full 0):
 garbage-first heap   total 120832K, used 22528K [0x0000000080000000, 0x0000000100000000)
  region size 1024K, 23 young (23552K), 0 survivors (0K)
 Metaspace       used 1088K, committed 1216K, reserved 1114112K
  class space    used 74K, committed 128K, reserved 1048576K
}
Event: 1.271 GC heap after
{Heap after GC invocations=1 (full 0):
 garbage-first heap   total 120832K, used 2848K [0x0000000080000000, 0x0000000100000000)
  region size 1024K, 3 young (3072K), 3 survivors (3072K)
 Metaspace       used 1088K, committed 1216K, reserved 1114112K
  class space    used 74K, committed 128K, reserved 1048576K
}
Event: 3.278 GC heap before
{Heap before GC invocations=1 (full 0):
 garbage-first heap   total 120832K, used 39712K [0x0000000080000000, 0x0000000100000000)
  region size 1024K, 37 young (37888K), 3 survivors (3072K)
 Metaspace       used 4427K, committed 4608K, reserved 1114112K
  class space    used 549K, committed 640K, reserved 1048576K
}
Event: 3.291 GC heap after
{Heap after GC invocations=2 (full 0):
 garbage-first heap   total 120832K, used 10676K [0x0000000080000000, 0x0000000100000000)
  region size 1024K, 5 young (5120K), 5 survivors (5120K)
 Metaspace       used 4427K, committed 4608K, reserved 1114112K
  class space    used 549K, committed 640K, reserved 1048576K
}
Event: 4.478 GC heap before
{Heap before GC invocations=2 (full 0):
 garbage-first heap   total 120832K, used 57780K [0x0000000080000000, 0x0000000100000000)
  region size 1024K, 49 young (50176K), 5 survivors (5120K)
 Metaspace       used 4721K, committed 4928K, reserved 1114112K
  class space    used 597K, committed 704K, reserved 1048576K
}
Event: 4.491 GC heap after
{Heap after GC invocations=3 (full 0):
 garbage-first heap   total 120832K, used 16182K [0x0000000080000000, 0x0000000100000000)
  region size 1024K, 5 young (5120K), 5 survivors (5120K)
 Metaspace       used 4721K, committed 4928K, reserved 1114112K
  class space    used 597K, committed 704K, reserved 1048576K
}
Event: 7.223 GC heap before
{Heap before GC invocations=3 (full 0):
 garbage-first heap   total 120832K, used 81718K [0x0000000080000000, 0x0000000100000000)
  region size 1024K, 69 young (70656K), 5 survivors (5120K)
 Metaspace       used 16567K, committed 16896K, reserved 1114112K
  class space    used 2318K, committed 2496K, reserved 1048576K
}
Event: 7.233 GC heap after
{Heap after GC invocations=4 (full 0):
 garbage-first heap   total 120832K, used 21078K [0x0000000080000000, 0x0000000100000000)
  region size 1024K, 9 young (9216K), 9 survivors (9216K)
 Metaspace       used 16567K, committed 16896K, reserved 1114112K
  class space    used 2318K, committed 2496K, reserved 1048576K
}

Deoptimization events (20 events):
Event: 6.998 Thread 0x000001e67eb43500 Uncommon trap: trap_request=0xffffff45 fr.pc=0x000001e66a5d1874 relative=0x0000000000000074
Event: 6.998 Thread 0x000001e67eb43500 Uncommon trap: reason=unstable_if action=reinterpret pc=0x000001e66a5d1874 method=jdk.internal.misc.Unsafe.convEndian(ZI)I @ 4 c2
Event: 6.998 Thread 0x000001e67eb43500 DEOPT PACKING pc=0x000001e66a5d1874 sp=0x0000001371afa9b0
Event: 6.998 Thread 0x000001e67eb43500 DEOPT UNPACKING pc=0x000001e669f923a3 sp=0x0000001371afa8e0 mode 2
Event: 7.029 Thread 0x000001e67eb43500 Uncommon trap: trap_request=0xffffff45 fr.pc=0x000001e66a50038c relative=0x0000000000000a8c
Event: 7.029 Thread 0x000001e67eb43500 Uncommon trap: reason=unstable_if action=reinterpret pc=0x000001e66a50038c method=java.io.WinNTFileSystem.resolve(Ljava/lang/String;Ljava/lang/String;)Ljava/lang/String; @ 19 c2
Event: 7.029 Thread 0x000001e67eb43500 DEOPT PACKING pc=0x000001e66a50038c sp=0x0000001371afae20
Event: 7.029 Thread 0x000001e67eb43500 DEOPT UNPACKING pc=0x000001e669f923a3 sp=0x0000001371afadc8 mode 2
Event: 7.031 Thread 0x000001e67eb43500 Uncommon trap: trap_request=0xffffff45 fr.pc=0x000001e66a577c38 relative=0x00000000000005f8
Event: 7.031 Thread 0x000001e67eb43500 Uncommon trap: reason=unstable_if action=reinterpret pc=0x000001e66a577c38 method=java.io.File.getName()Ljava/lang/String; @ 16 c2
Event: 7.031 Thread 0x000001e67eb43500 DEOPT PACKING pc=0x000001e66a577c38 sp=0x0000001371afadd0
Event: 7.031 Thread 0x000001e67eb43500 DEOPT UNPACKING pc=0x000001e669f923a3 sp=0x0000001371afada0 mode 2
Event: 7.105 Thread 0x000001e67eb43500 Uncommon trap: trap_request=0xffffff45 fr.pc=0x000001e66a51af78 relative=0x00000000000000d8
Event: 7.105 Thread 0x000001e67eb43500 Uncommon trap: reason=unstable_if action=reinterpret pc=0x000001e66a51af78 method=java.util.HashMap.hash(Ljava/lang/Object;)I @ 1 c2
Event: 7.105 Thread 0x000001e67eb43500 DEOPT PACKING pc=0x000001e66a51af78 sp=0x0000001371afbdf0
Event: 7.105 Thread 0x000001e67eb43500 DEOPT UNPACKING pc=0x000001e669f923a3 sp=0x0000001371afbd30 mode 2
Event: 7.314 Thread 0x000001e67eb43500 DEOPT PACKING pc=0x000001e662df4f6a sp=0x0000001371af85d0
Event: 7.314 Thread 0x000001e67eb43500 DEOPT UNPACKING pc=0x000001e669f92b43 sp=0x0000001371af7ae0 mode 0
Event: 7.351 Thread 0x000001e67eb43500 DEOPT PACKING pc=0x000001e662df4f6a sp=0x0000001371af9ba0
Event: 7.351 Thread 0x000001e67eb43500 DEOPT UNPACKING pc=0x000001e669f92b43 sp=0x0000001371af90b0 mode 0

Classes unloaded (0 events):
No events

Classes redefined (0 events):
No events

Internal exceptions (20 events):
Event: 6.634 Thread 0x000001e67eb43500 Exception <a 'java/lang/NoSuchMethodError'{0x0000000084b39ab8}: 'void java.lang.invoke.DelegatingMethodHandle$Holder.reinvoke_L(java.lang.Object, java.lang.Object, java.lang.Object, java.lang.Object, java.lang.Object, java.lang.Object, java.lang.Object, java.lang.Object, java.lang.Object, java.lang.Object)'> (0x0000000084b39ab8) 
thrown [s\open\src\hotspot\share\interpreter\linkResolver.cpp, line 759]
Event: 6.634 Thread 0x000001e67eb43500 Exception <a 'java/lang/NoSuchMethodError'{0x0000000084b41f28}: 'java.lang.Object java.lang.invoke.DirectMethodHandle$Holder.invokeSpecial(java.lang.Object, java.lang.Object, java.lang.Object, java.lang.Object, java.lang.Object, java.lang.Object, java.lang.Object, java.lang.Object, java.lang.Object, java.lang.Object)'> (0x0000000084b41f28) 
thrown [s\open\src\hotspot\share\interpreter\linkResolver.cpp, line 759]
Event: 6.635 Thread 0x000001e67eb43500 Exception <a 'java/lang/NoSuchMethodError'{0x0000000084b467f8}: 'java.lang.Object java.lang.invoke.Invokers$Holder.invoker(java.lang.Object, java.lang.Object, java.lang.Object, java.lang.Object, java.lang.Object, java.lang.Object, java.lang.Object, java.lang.Object, java.lang.Object, java.lang.Object)'> (0x0000000084b467f8) 
thrown [s\open\src\hotspot\share\interpreter\linkResolver.cpp, line 759]
Event: 6.635 Thread 0x000001e67eb43500 Exception <a 'java/lang/NoSuchMethodError'{0x0000000084b4c400}: 'java.lang.Object java.lang.invoke.DirectMethodHandle$Holder.invokeSpecial(java.lang.Object, java.lang.Object, java.lang.Object, java.lang.Object, java.lang.Object, java.lang.Object, java.lang.Object, java.lang.Object, java.lang.Object, java.lang.Object, java.lang.Object)'> (0x0000000084b4c400) 
thrown [s\open\src\hotspot\share\interpreter\linkResolver.cpp, line 759]
Event: 6.870 Thread 0x000001e67eb43500 Exception <a 'java/lang/NoSuchMethodError'{0x0000000083e53408}: 'java.lang.Object java.lang.invoke.DirectMethodHandle$Holder.newInvokeSpecial(java.lang.Object, java.lang.Object, int)'> (0x0000000083e53408) 
thrown [s\open\src\hotspot\share\interpreter\linkResolver.cpp, line 759]
Event: 6.998 Thread 0x000001e67eb43500 Implicit null exception at 0x000001e66a5dfcf5 to 0x000001e66a5dffd8
Event: 7.056 Thread 0x000001e67eb43500 Exception <a 'java/lang/NoSuchMethodError'{0x0000000083827ca0}: 'java.lang.Object java.lang.invoke.DirectMethodHandle$Holder.invokeInterface(java.lang.Object, java.lang.Object, java.lang.Object)'> (0x0000000083827ca0) 
thrown [s\open\src\hotspot\share\interpreter\linkResolver.cpp, line 759]
Event: 7.079 Thread 0x000001e67eb43500 Exception <a 'java/lang/NoSuchMethodError'{0x000000008370e758}: 'int java.lang.invoke.DirectMethodHandle$Holder.invokeSpecialIFC(java.lang.Object, java.lang.Object, java.lang.Object, java.lang.Object)'> (0x000000008370e758) 
thrown [s\open\src\hotspot\share\interpreter\linkResolver.cpp, line 759]
Event: 7.081 Thread 0x000001e67eb43500 Exception <a 'java/lang/IncompatibleClassChangeError'{0x000000008371d4f0}: Found class java.lang.Object, but interface was expected> (0x000000008371d4f0) 
thrown [s\open\src\hotspot\share\interpreter\linkResolver.cpp, line 826]
Event: 7.105 Thread 0x000001e67eb43500 Implicit null exception at 0x000001e66a51aed8 to 0x000001e66a51af6e
Event: 7.123 Thread 0x000001e67eb43500 Exception <a 'java/lang/NoSuchMethodError'{0x000000008351eec0}: 'int java.lang.invoke.DirectMethodHandle$Holder.invokeStatic(java.lang.Object, java.lang.Object, java.lang.Object, java.lang.Object)'> (0x000000008351eec0) 
thrown [s\open\src\hotspot\share\interpreter\linkResolver.cpp, line 759]
Event: 7.123 Thread 0x000001e67eb43500 Exception <a 'java/lang/NoSuchMethodError'{0x0000000083522d90}: 'java.lang.Object java.lang.invoke.Invokers$Holder.invokeExact_MT(java.lang.Object, java.lang.Object, java.lang.Object, java.lang.Object, java.lang.Object, java.lang.Object)'> (0x0000000083522d90) 
thrown [s\open\src\hotspot\share\interpreter\linkResolver.cpp, line 759]
Event: 7.201 Thread 0x000001e67eb43500 Exception <a 'java/lang/IncompatibleClassChangeError'{0x00000000832f9090}: Found class java.lang.Object, but interface was expected> (0x00000000832f9090) 
thrown [s\open\src\hotspot\share\interpreter\linkResolver.cpp, line 826]
Event: 7.293 Thread 0x000001e67f69d090 Exception <a 'java/lang/NoSuchMethodError'{0x0000000087595470}: static Lorg/gradle/internal/build/event/types/DefaultOperationStartedProgressEvent;.<clinit>()V> (0x0000000087595470) 
thrown [s\open\src\hotspot\share\prims\jni.cpp, line 1112]
Event: 7.293 Thread 0x000001e67f69d090 Exception <a 'java/lang/NoSuchMethodError'{0x00000000875969f8}: static Lorg/gradle/internal/build/event/types/AbstractProgressEvent;.<clinit>()V> (0x00000000875969f8) 
thrown [s\open\src\hotspot\share\prims\jni.cpp, line 1112]
Event: 7.295 Thread 0x000001e67f69d090 Exception <a 'java/lang/NoSuchMethodError'{0x000000008759f710}: static Lorg/gradle/internal/build/event/types/DefaultOperationDescriptor;.<clinit>()V> (0x000000008759f710) 
thrown [s\open\src\hotspot\share\prims\jni.cpp, line 1112]
Event: 7.298 Thread 0x000001e67f69d090 Exception <a 'java/lang/NoSuchMethodError'{0x00000000875b50a8}: static Lorg/gradle/internal/operations/OperationIdentifier;.<clinit>()V> (0x00000000875b50a8) 
thrown [s\open\src\hotspot\share\prims\jni.cpp, line 1112]
Event: 7.597 Thread 0x000001e67eb43500 Exception <a 'java/lang/NoSuchMethodError'{0x00000000868de0d0}: 'int java.lang.invoke.DirectMethodHandle$Holder.invokeStaticInit(java.lang.Object, java.lang.Object, java.lang.Object)'> (0x00000000868de0d0) 
thrown [s\open\src\hotspot\share\interpreter\linkResolver.cpp, line 759]
Event: 8.186 Thread 0x000001e67eb43500 Exception <a 'java/lang/NoSuchMethodError'{0x0000000085e8a740}: 'void java.lang.invoke.DirectMethodHandle$Holder.invokeSpecial(java.lang.Object, java.lang.Object, java.lang.Object, java.lang.Object, java.lang.Object)'> (0x0000000085e8a740) 
thrown [s\open\src\hotspot\share\interpreter\linkResolver.cpp, line 759]
Event: 8.187 Thread 0x000001e67eb43500 Exception <a 'java/lang/NoSuchMethodError'{0x0000000085e920a0}: 'java.lang.Object java.lang.invoke.Invokers$Holder.invoker(java.lang.Object, java.lang.Object, java.lang.Object, java.lang.Object)'> (0x0000000085e920a0) 
thrown [s\open\src\hotspot\share\interpreter\linkResolver.cpp, line 759]

VM Operations (20 events):
Event: 5.540 Executing VM operation: Cleanup
Event: 5.540 Executing VM operation: Cleanup done
Event: 5.612 Executing VM operation: HandshakeAllThreads
Event: 5.612 Executing VM operation: HandshakeAllThreads done
Event: 5.651 Executing VM operation: HandshakeAllThreads
Event: 5.651 Executing VM operation: HandshakeAllThreads done
Event: 5.889 Executing VM operation: HandshakeAllThreads
Event: 5.889 Executing VM operation: HandshakeAllThreads done
Event: 6.075 Executing VM operation: HandshakeAllThreads
Event: 6.075 Executing VM operation: HandshakeAllThreads done
Event: 6.825 Executing VM operation: ICBufferFull
Event: 6.825 Executing VM operation: ICBufferFull done
Event: 7.177 Executing VM operation: HandshakeAllThreads
Event: 7.177 Executing VM operation: HandshakeAllThreads done
Event: 7.177 Executing VM operation: HandshakeAllThreads
Event: 7.177 Executing VM operation: HandshakeAllThreads done
Event: 7.223 Executing VM operation: G1CollectForAllocation
Event: 7.233 Executing VM operation: G1CollectForAllocation done
Event: 8.241 Executing VM operation: Cleanup
Event: 8.242 Executing VM operation: Cleanup done

Events (20 events):
Event: 7.081 loading class java/util/stream/ReduceOps$1ReducingSink
Event: 7.081 loading class java/util/stream/ReduceOps$1ReducingSink done
Event: 7.222 loading class java/util/Collections$2
Event: 7.222 loading class java/util/Collections$2 done
Event: 7.288 loading class java/io/ObjectOutputStream$BlockDataOutputStream
Event: 7.289 loading class java/io/ObjectOutputStream$BlockDataOutputStream done
Event: 7.289 loading class java/io/ObjectOutputStream$HandleTable
Event: 7.289 loading class java/io/ObjectOutputStream$HandleTable done
Event: 7.289 loading class java/io/ObjectOutputStream$ReplaceTable
Event: 7.289 loading class java/io/ObjectOutputStream$ReplaceTable done
Event: 7.296 loading class java/io/UnsupportedEncodingException
Event: 7.296 loading class java/io/UnsupportedEncodingException done
Event: 7.296 loading class java/nio/charset/CharacterCodingException
Event: 7.296 loading class java/nio/charset/CharacterCodingException done
Event: 7.377 loading class java/util/function/LongFunction
Event: 7.377 loading class java/util/function/LongFunction done
Event: 7.440 loading class java/security/InvalidKeyException
Event: 7.440 loading class java/security/KeyException
Event: 7.440 loading class java/security/KeyException done
Event: 7.440 loading class java/security/InvalidKeyException done


Dynamic libraries:
0x00007ff631160000 - 0x00007ff631170000 	C:\Program Files\Java\jdk-17.0.15\bin\java.exe
0x00007ff8e7c00000 - 0x00007ff8e7e68000 	C:\WINDOWS\SYSTEM32\ntdll.dll
0x00007ff8e67e0000 - 0x00007ff8e68a9000 	C:\WINDOWS\System32\KERNEL32.DLL
0x00007ff8e5180000 - 0x00007ff8e5578000 	C:\WINDOWS\System32\KERNELBASE.dll
0x00007ff8e4d50000 - 0x00007ff8e4e9b000 	C:\WINDOWS\System32\ucrtbase.dll
0x00007ff8aa470000 - 0x00007ff8aa489000 	C:\Program Files\Java\jdk-17.0.15\bin\jli.dll
0x00007ff8a9760000 - 0x00007ff8a977b000 	C:\Program Files\Java\jdk-17.0.15\bin\VCRUNTIME140.dll
0x00007ff8e7280000 - 0x00007ff8e7334000 	C:\WINDOWS\System32\ADVAPI32.dll
0x00007ff8e71d0000 - 0x00007ff8e7279000 	C:\WINDOWS\System32\msvcrt.dll
0x00007ff8e74a0000 - 0x00007ff8e7546000 	C:\WINDOWS\System32\sechost.dll
0x00007ff8e7aa0000 - 0x00007ff8e7bb8000 	C:\WINDOWS\System32\RPCRT4.dll
0x00007ff8e63f0000 - 0x00007ff8e65b7000 	C:\WINDOWS\System32\USER32.dll
0x00007ff8e50a0000 - 0x00007ff8e50c7000 	C:\WINDOWS\System32\win32u.dll
0x00007ff8e61e0000 - 0x00007ff8e620b000 	C:\WINDOWS\System32\GDI32.dll
0x00007ff8c91d0000 - 0x00007ff8c9464000 	C:\WINDOWS\WinSxS\amd64_microsoft.windows.common-controls_6595b64144ccf1df_6.0.26100.7019_none_3e06ffa0e335b8a8\COMCTL32.dll
0x00007ff8e5630000 - 0x00007ff8e575c000 	C:\WINDOWS\System32\gdi32full.dll
0x00007ff8e50d0000 - 0x00007ff8e5173000 	C:\WINDOWS\System32\msvcp_win.dll
0x00007ff8dde30000 - 0x00007ff8dde3b000 	C:\WINDOWS\SYSTEM32\VERSION.dll
0x00007ff8e7010000 - 0x00007ff8e7041000 	C:\WINDOWS\System32\IMM32.DLL
0x00007ff8b8c80000 - 0x00007ff8b8c8c000 	C:\Program Files\Java\jdk-17.0.15\bin\vcruntime140_1.dll
0x00007ff8609f0000 - 0x00007ff860a7e000 	C:\Program Files\Java\jdk-17.0.15\bin\msvcp140.dll
0x00007fffe1080000 - 0x00007fffe1c61000 	C:\Program Files\Java\jdk-17.0.15\bin\server\jvm.dll
0x00007ff8e77c0000 - 0x00007ff8e77c8000 	C:\WINDOWS\System32\PSAPI.DLL
0x00007ff8bf720000 - 0x00007ff8bf72a000 	C:\WINDOWS\SYSTEM32\WSOCK32.dll
0x00007ff8dd730000 - 0x00007ff8dd765000 	C:\WINDOWS\SYSTEM32\WINMM.dll
0x00007ff8e7420000 - 0x00007ff8e7494000 	C:\WINDOWS\System32\WS2_32.dll
0x00007ff8e3b10000 - 0x00007ff8e3b2b000 	C:\WINDOWS\SYSTEM32\kernel.appcore.dll
0x00007ff8b8b60000 - 0x00007ff8b8b6a000 	C:\Program Files\Java\jdk-17.0.15\bin\jimage.dll
0x00007ff8d76a0000 - 0x00007ff8d78e2000 	C:\WINDOWS\SYSTEM32\DBGHELP.DLL
0x00007ff8e59c0000 - 0x00007ff8e5d4b000 	C:\WINDOWS\System32\combase.dll
0x00007ff8e7340000 - 0x00007ff8e7417000 	C:\WINDOWS\System32\OLEAUT32.dll
0x00007ff8c8630000 - 0x00007ff8c866c000 	C:\WINDOWS\SYSTEM32\dbgcore.DLL
0x00007ff8e5580000 - 0x00007ff8e5625000 	C:\WINDOWS\System32\bcryptPrimitives.dll
0x00007ff8aa460000 - 0x00007ff8aa46e000 	C:\Program Files\Java\jdk-17.0.15\bin\instrument.dll
0x00007ff8a7910000 - 0x00007ff8a7935000 	C:\Program Files\Java\jdk-17.0.15\bin\java.dll
0x00007ff860360000 - 0x00007ff860437000 	C:\Program Files\Java\jdk-17.0.15\bin\jsvml.dll
0x00007ff8e68b0000 - 0x00007ff8e7001000 	C:\WINDOWS\System32\SHELL32.dll
0x00007ff8e4f30000 - 0x00007ff8e509b000 	C:\WINDOWS\System32\wintypes.dll
0x00007ff8e2960000 - 0x00007ff8e31bd000 	C:\WINDOWS\SYSTEM32\windows.storage.dll
0x00007ff8e6690000 - 0x00007ff8e6782000 	C:\WINDOWS\System32\SHCORE.dll
0x00007ff8e7a30000 - 0x00007ff8e7a97000 	C:\WINDOWS\System32\shlwapi.dll
0x00007ff8e4c70000 - 0x00007ff8e4c99000 	C:\WINDOWS\SYSTEM32\profapi.dll
0x00007ff8956c0000 - 0x00007ff8956d8000 	C:\Program Files\Java\jdk-17.0.15\bin\zip.dll
0x00007ff8a5800000 - 0x00007ff8a5819000 	C:\Program Files\Java\jdk-17.0.15\bin\net.dll
0x00007ff8dac20000 - 0x00007ff8dad48000 	C:\WINDOWS\SYSTEM32\WINHTTP.dll
0x00007ff8e4080000 - 0x00007ff8e40eb000 	C:\WINDOWS\system32\mswsock.dll
0x00007ff89a290000 - 0x00007ff89a2a6000 	C:\Program Files\Java\jdk-17.0.15\bin\nio.dll
0x00007ff8b8a40000 - 0x00007ff8b8a50000 	C:\Program Files\Java\jdk-17.0.15\bin\verify.dll
0x00007ff8b3b90000 - 0x00007ff8b3bb7000 	C:\Users\jimmy\.gradle\native\1def1411415f61bf3af743bc5b6707747c0891f09f0c88961ee8f79bc544acac\windows-amd64\native-platform.dll
0x00007ff867980000 - 0x00007ff8679f8000 	C:\Users\jimmy\.gradle\native\0.2.7\x86_64-windows-gnu\gradle-fileevents.dll
0x00007ff8b3070000 - 0x00007ff8b307a000 	C:\Program Files\Java\jdk-17.0.15\bin\management.dll
0x00007ff8abf40000 - 0x00007ff8abf4b000 	C:\Program Files\Java\jdk-17.0.15\bin\management_ext.dll
0x00007ff8e3580000 - 0x00007ff8e35b4000 	C:\WINDOWS\SYSTEM32\IPHLPAPI.DLL
0x00007ff8e71c0000 - 0x00007ff8e71ca000 	C:\WINDOWS\System32\NSI.dll
0x00007ff8db100000 - 0x00007ff8db11e000 	C:\WINDOWS\SYSTEM32\dhcpcsvc6.DLL
0x00007ff8daed0000 - 0x00007ff8daef3000 	C:\WINDOWS\SYSTEM32\dhcpcsvc.DLL
0x00007ff8e35c0000 - 0x00007ff8e36ec000 	C:\WINDOWS\SYSTEM32\DNSAPI.dll
0x00007ff8e4340000 - 0x00007ff8e435b000 	C:\WINDOWS\SYSTEM32\CRYPTSP.dll
0x00007ff8e3a70000 - 0x00007ff8e3aaa000 	C:\WINDOWS\system32\rsaenh.dll
0x00007ff8e4130000 - 0x00007ff8e415b000 	C:\WINDOWS\SYSTEM32\USERENV.dll
0x00007ff8e4c40000 - 0x00007ff8e4c6a000 	C:\WINDOWS\SYSTEM32\bcrypt.dll
0x00007ff8e4360000 - 0x00007ff8e436c000 	C:\WINDOWS\SYSTEM32\CRYPTBASE.dll
0x00007ff8a9750000 - 0x00007ff8a975e000 	C:\Program Files\Java\jdk-17.0.15\bin\sunmscapi.dll
0x00007ff8e5760000 - 0x00007ff8e58d7000 	C:\WINDOWS\System32\CRYPT32.dll
0x00007ff8e4560000 - 0x00007ff8e4590000 	C:\WINDOWS\SYSTEM32\ncrypt.dll
0x00007ff8e4510000 - 0x00007ff8e454f000 	C:\WINDOWS\SYSTEM32\NTASN1.dll
0x00007ff8d0840000 - 0x00007ff8d0848000 	C:\WINDOWS\system32\wshunix.dll

dbghelp: loaded successfully - version: 4.0.5 - missing functions: none
symbol engine: initialized successfully - sym options: 0x614 - pdb path: .;C:\Program Files\Java\jdk-17.0.15\bin;C:\WINDOWS\SYSTEM32;C:\WINDOWS\WinSxS\amd64_microsoft.windows.common-controls_6595b64144ccf1df_6.0.26100.7019_none_3e06ffa0e335b8a8;C:\Program Files\Java\jdk-17.0.15\bin\server;C:\Users\jimmy\.gradle\native\1def1411415f61bf3af743bc5b6707747c0891f09f0c88961ee8f79bc544acac\windows-amd64;C:\Users\jimmy\.gradle\native\0.2.7\x86_64-windows-gnu

VM Arguments:
jvm_args: --add-opens=java.base/java.lang=ALL-UNNAMED --add-opens=java.base/java.lang.invoke=ALL-UNNAMED --add-opens=java.base/java.util=ALL-UNNAMED --add-opens=java.prefs/java.util.prefs=ALL-UNNAMED --add-exports=jdk.compiler/com.sun.tools.javac.api=ALL-UNNAMED --add-exports=jdk.compiler/com.sun.tools.javac.util=ALL-UNNAMED --add-opens=java.base/java.util=ALL-UNNAMED --add-opens=java.prefs/java.util.prefs=ALL-UNNAMED --add-opens=java.base/java.nio.charset=ALL-UNNAMED --add-opens=java.base/java.net=ALL-UNNAMED --add-opens=java.base/java.util.concurrent.atomic=ALL-UNNAMED --add-opens=java.xml/javax.xml.namespace=ALL-UNNAMED -Xmx2048m -Dfile.encoding=UTF-8 -Duser.country=GB -Duser.language=en -Duser.variant -javaagent:C:\Users\jimmy\.gradle\wrapper\dists\gradle-8.13-bin\5xuhj0ry160q40clulazy9h7d\gradle-8.13\lib\agents\gradle-instrumentation-agent-8.13.jar 
java_command: org.gradle.launcher.daemon.bootstrap.GradleDaemon 8.13
java_class_path (initial): C:\Users\jimmy\.gradle\wrapper\dists\gradle-8.13-bin\5xuhj0ry160q40clulazy9h7d\gradle-8.13\lib\gradle-daemon-main-8.13.jar
Launcher Type: SUN_STANDARD

[Global flags]
     intx CICompilerCount                          = 4                                         {product} {ergonomic}
     uint ConcGCThreads                            = 3                                         {product} {ergonomic}
     uint G1ConcRefinementThreads                  = 10                                        {product} {ergonomic}
   size_t G1HeapRegionSize                         = 1048576                                   {product} {ergonomic}
    uintx GCDrainStackTargetSize                   = 64                                        {product} {ergonomic}
   size_t InitialHeapSize                          = 123731968                                 {product} {ergonomic}
   size_t MarkStackSize                            = 4194304                                   {product} {ergonomic}
   size_t MaxHeapSize                              = 2147483648                                {product} {command line}
   size_t MaxNewSize                               = 1287651328                                {product} {ergonomic}
   size_t MinHeapDeltaBytes                        = 1048576                                   {product} {ergonomic}
   size_t MinHeapSize                              = 8388608                                   {product} {ergonomic}
    uintx NonNMethodCodeHeapSize                   = 5839372                                {pd product} {ergonomic}
    uintx NonProfiledCodeHeapSize                  = 122909434                              {pd product} {ergonomic}
    uintx ProfiledCodeHeapSize                     = 122909434                              {pd product} {ergonomic}
    uintx ReservedCodeCacheSize                    = 251658240                              {pd product} {ergonomic}
     bool SegmentedCodeCache                       = true                                      {product} {ergonomic}
   size_t SoftMaxHeapSize                          = 2147483648                             {manageable} {ergonomic}
     bool UseCompressedClassPointers               = true                           {product lp64_product} {ergonomic}
     bool UseCompressedOops                        = true                           {product lp64_product} {ergonomic}
     bool UseG1GC                                  = true                                      {product} {ergonomic}
     bool UseLargePagesIndividualAllocation        = false                                  {pd product} {ergonomic}

Logging:
Log output configuration:
 #0: stdout all=warning uptime,level,tags
 #1: stderr all=off uptime,level,tags

Environment Variables:
JAVA_HOME=C:\Program Files\Java\jdk-17.0.15
PATH=C:\cygwin64\bin;C:\Program Files\Java\jdk-17.0.15;C:\Python312\Scripts\;C:\Python312\;C:\Program Files\Common Files\Oracle\Java\javapath;C:\windows\system32;C:\windows;C:\windows\System32\Wbem;C:\windows\System32\WindowsPowerShell\v1.0\;C:\windows\System32\OpenSSH\;C:\msys64\usr\bin;C:\msys64\ucrt64\bin;C:\Program Files (x86)\PowerShell\7\;C:\Program Files\Git\cmd;C:\Program Files\HP\HP One Agent;C:\Program Files\dotnet\;C:\ProgramData\chocolatey\bin;C:\Users\jimmy\OneDrive - Strathmore University\Documents\NetBeansProjects\GNI\src\gni\hello.dll;C:\Program Files\Microsoft VS Code Insiders\bin;C:\xampp\php;C:\ProgramData\chocolatey\lib-bad;C:\WINDOWS\system32;C:\WINDOWS;C:\WINDOWS\System32\Wbem;C:\WINDOWS\System32\WindowsPowerShell\v1.0\;C:\WINDOWS\System32\OpenSSH\;C:\Program Files\Go\bin;C:\Users\jimmy\AppData\Local\Pub\Cache\bin;C:\Users\jimmy\flutter\flutter\bin;C:\Program Files\android-ndk-r27c;C:\Program Files (x86)\Google\Cloud SDK\google-cloud-sdk\bin;C:\Program Files\nodejs\;C:\Program Files\cursor\resources\app\bin;C:\Program Files\PuTTY\;C:\adb\platform-tools;C:\Program Files\MySQL\MySQL Shell 8.0\bin\;C:\Users\jimmy\AppData\Local\Microsoft\WindowsApps;C:\Users\jimmy\AppData\Local\Programs\Microsoft VS Code Insiders\bin;C:\Program Files\JetBrains\IntelliJ IDEA Community Edition 2024.2.4\bin;C:\Users\jimmy\AppData\Local\GitHubDesktop\bin;C:\Users\jimmy\.dotnet\tools;C:\Users\jimmy\AppData\Local\Microsoft\WinGet\Packages\Schniz.fnm_Microsoft.Winget.Source_8wekyb3d8bbwe;C:\Users\jimmy\Downloads\flutter_windows_3.24.3-stable.zip\flutter;C:\Users\jimmy\flutter\flutter\bin;C:\Users\jimmy\go\bin;C:\Program Files\JetBrains\DataGrip 2025.1.2\bin;C:\tools\dart-sdk\bin;C:\Users\jimmy\AppData\Local\Pub\Cache\bin;C:\Users\jimmy\AppData\Roaming\npm;C:\Users\jimmy\AppData\Local\Programs\MiKTeX\miktex\bin\x64\;C:\Program Files\JetBrains\PyCharm 2025.2.0.1\bin;C:\Program Files\JetBrains\IntelliJ IDEA 2025.2\bin;C:\Users\jimmy\AppData\Local\JetBrains\Toolbox\scripts;C:\Us
USERNAME=jimmy
OS=Windows_NT
PROCESSOR_IDENTIFIER=AMD64 Family 25 Model 80 Stepping 0, AuthenticAMD



---------------  S Y S T E M  ---------------

OS:
 Windows 11 , 64 bit Build 26100 (10.0.26100.7019)
OS uptime: 0 days 3:07 hours
Hyper-V role detected

CPU: total 12 (initial active 12) (12 cores per cpu, 2 threads per core) family 25 model 80 stepping 0 microcode 0xa500011, cx8, cmov, fxsr, ht, mmx, 3dnowpref, sse, sse2, sse3, ssse3, sse4a, sse4.1, sse4.2, popcnt, lzcnt, tsc, tscinvbit, avx, avx2, aes, erms, clmul, bmi1, bmi2, adx, sha, fma, vzeroupper, clflush, clflushopt, hv

Memory: 4k page, system-wide physical 7531M (431M free)
TotalPageFile size 31083M (AvailPageFile size 8M)
current process WorkingSet (physical memory assigned to process): 213M, peak: 217M
current process commit charge ("private bytes"): 294M, peak: 300M

vm_info: Java HotSpot(TM) 64-Bit Server VM (17.0.15+9-LTS-241) for windows-amd64 JRE (17.0.15+9-LTS-241), built on Feb 20 2025 10:49:54 by "mach5one" with MS VC++ 17.6 (VS2022)

END.
