#
# There is insufficient memory for the Java Runtime Environment to continue.
# Native memory allocation (malloc) failed to allocate 1594736 bytes for Chunk::new
# Possible reasons:
#   The system is out of physical RAM or swap space
#   The process is running with CompressedOops enabled, and the Java Heap may be blocking the growth of the native heap
# Possible solutions:
#   Reduce memory load on the system
#   Increase physical memory or swap space
#   Check if swap backing store is full
#   Decrease Java heap size (-Xmx/-Xms)
#   Decrease number of Java threads
#   Decrease Java thread stack sizes (-Xss)
#   Set larger code cache with -XX:ReservedCodeCacheSize=
#   JVM is running with Unscaled Compressed Oops mode in which the Java heap is
#     placed in the first 4GB address space. The Java Heap base address is the
#     maximum limit for the native heap growth. Please use -XX:HeapBaseMinAddress
#     to set the Java Heap base and to place the Java Heap above 4GB virtual address.
# This output file may be truncated or incomplete.
#
#  Out of Memory Error (arena.cpp:189), pid=15404, tid=28784
#
# JRE version: Java(TM) SE Runtime Environment (17.0.15+9) (build 17.0.15+9-LTS-241)
# Java VM: Java HotSpot(TM) 64-Bit Server VM (17.0.15+9-LTS-241, mixed mode, sharing, tiered, compressed oops, compressed class ptrs, g1 gc, windows-amd64)
# No core dump will be written. Minidumps are not enabled by default on client versions of Windows
#

---------------  S U M M A R Y ------------

Command Line: --add-opens=java.base/java.lang=ALL-UNNAMED --add-opens=java.base/java.lang.invoke=ALL-UNNAMED --add-opens=java.base/java.util=ALL-UNNAMED --add-opens=java.prefs/java.util.prefs=ALL-UNNAMED --add-exports=jdk.compiler/com.sun.tools.javac.api=ALL-UNNAMED --add-exports=jdk.compiler/com.sun.tools.javac.util=ALL-UNNAMED --add-opens=java.base/java.util=ALL-UNNAMED --add-opens=java.prefs/java.util.prefs=ALL-UNNAMED --add-opens=java.base/java.nio.charset=ALL-UNNAMED --add-opens=java.base/java.net=ALL-UNNAMED --add-opens=java.base/java.util.concurrent.atomic=ALL-UNNAMED --add-opens=java.xml/javax.xml.namespace=ALL-UNNAMED -Xmx2048m -Dfile.encoding=UTF-8 -Duser.country=GB -Duser.language=en -Duser.variant -javaagent:C:\Users\jimmy\.gradle\wrapper\dists\gradle-8.13-bin\5xuhj0ry160q40clulazy9h7d\gradle-8.13\lib\agents\gradle-instrumentation-agent-8.13.jar org.gradle.launcher.daemon.bootstrap.GradleDaemon 8.13

Host: AMD Ryzen 5 5625U with Radeon Graphics         , 12 cores, 7G,  Windows 11 , 64 bit Build 26100 (10.0.26100.7019)
Time: Wed Nov 12 14:24:07 2025 E. Africa Standard Time elapsed time: 9.160383 seconds (0d 0h 0m 9s)

---------------  T H R E A D  ---------------

Current thread (0x000001e196cbabb0):  JavaThread "C2 CompilerThread0" daemon [_thread_in_native, id=28784, stack(0x0000005056100000,0x0000005056200000)]


Current CompileTask:
C2:   9160 2482   !   4       java.net.URLClassLoader::findClass (47 bytes)

Stack: [0x0000005056100000,0x0000005056200000]
Native frames: (J=compiled Java code, j=interpreted, Vv=VM code, C=native code)
V  [jvm.dll+0x67a46a]
V  [jvm.dll+0x7da6ad]
V  [jvm.dll+0x7dbff3]
V  [jvm.dll+0x7dc663]
V  [jvm.dll+0x24523f]
V  [jvm.dll+0xab763]
V  [jvm.dll+0xabd2c]
V  [jvm.dll+0x361ebf]
V  [jvm.dll+0x1ba52a]
V  [jvm.dll+0x216b47]
V  [jvm.dll+0x215e1f]
V  [jvm.dll+0x1a2a00]
V  [jvm.dll+0x2262bb]
V  [jvm.dll+0x22445b]
V  [jvm.dll+0x790acc]
V  [jvm.dll+0x78b0ba]
V  [jvm.dll+0x679355]
C  [ucrtbase.dll+0x37b0]
C  [KERNEL32.DLL+0x2e8d7]
C  [ntdll.dll+0x8c53c]


---------------  P R O C E S S  ---------------

Threads class SMR info:
_java_thread_list=0x000001e1df52b250, length=28, elements={
0x000001e1f6878010, 0x000001e196c865e0, 0x000001e196c87c10, 0x000001e196c9e650,
0x000001e196ca3aa0, 0x000001e196ca8040, 0x000001e196ca6d00, 0x000001e196cbabb0,
0x000001e196cdfc50, 0x000001e196cea560, 0x000001e196ca59c0, 0x000001e196ca76a0,
0x000001e196ca7b70, 0x000001e196ca8510, 0x000001e196ca6830, 0x000001e196ca4b50,
0x000001e196ca6360, 0x000001e196ca5020, 0x000001e196ca54f0, 0x000001e196ca5e90,
0x000001e196ca71d0, 0x000001e1dd6da870, 0x000001e1dcf07870, 0x000001e1dd6dc080,
0x000001e1dd6db6e0, 0x000001e1dd6d9060, 0x000001e1dd6d9530, 0x000001e1ddce7850
}

Java Threads: ( => current thread )
  0x000001e1f6878010 JavaThread "main" [_thread_blocked, id=14960, stack(0x0000005055400000,0x0000005055500000)]
  0x000001e196c865e0 JavaThread "Reference Handler" daemon [_thread_blocked, id=27716, stack(0x0000005055b00000,0x0000005055c00000)]
  0x000001e196c87c10 JavaThread "Finalizer" daemon [_thread_blocked, id=4608, stack(0x0000005055c00000,0x0000005055d00000)]
  0x000001e196c9e650 JavaThread "Signal Dispatcher" daemon [_thread_blocked, id=27364, stack(0x0000005055d00000,0x0000005055e00000)]
  0x000001e196ca3aa0 JavaThread "Attach Listener" daemon [_thread_blocked, id=33444, stack(0x0000005055e00000,0x0000005055f00000)]
  0x000001e196ca8040 JavaThread "Service Thread" daemon [_thread_blocked, id=17496, stack(0x0000005055f00000,0x0000005056000000)]
  0x000001e196ca6d00 JavaThread "Monitor Deflation Thread" daemon [_thread_blocked, id=14236, stack(0x0000005056000000,0x0000005056100000)]
=>0x000001e196cbabb0 JavaThread "C2 CompilerThread0" daemon [_thread_in_native, id=28784, stack(0x0000005056100000,0x0000005056200000)]
  0x000001e196cdfc50 JavaThread "C1 CompilerThread0" daemon [_thread_blocked, id=20976, stack(0x0000005056200000,0x0000005056300000)]
  0x000001e196cea560 JavaThread "Sweeper thread" daemon [_thread_blocked, id=2140, stack(0x0000005056300000,0x0000005056400000)]
  0x000001e196ca59c0 JavaThread "Common-Cleaner" daemon [_thread_blocked, id=24440, stack(0x0000005056400000,0x0000005056500000)]
  0x000001e196ca76a0 JavaThread "Notification Thread" daemon [_thread_blocked, id=33296, stack(0x0000005056500000,0x0000005056600000)]
  0x000001e196ca7b70 JavaThread "Daemon health stats" [_thread_blocked, id=32788, stack(0x0000005056c00000,0x0000005056d00000)]
  0x000001e196ca8510 JavaThread "Incoming local TCP Connector on port 56400" [_thread_in_native, id=23920, stack(0x0000005056700000,0x0000005056800000)]
  0x000001e196ca6830 JavaThread "Daemon periodic checks" [_thread_blocked, id=7212, stack(0x0000005056d00000,0x0000005056e00000)]
  0x000001e196ca4b50 JavaThread "Daemon" [_thread_blocked, id=13936, stack(0x0000005056e00000,0x0000005056f00000)]
  0x000001e196ca6360 JavaThread "Handler for socket connection from /127.0.0.1:56400 to /127.0.0.1:56402" [_thread_in_native, id=29152, stack(0x0000005056f00000,0x0000005057000000)]
  0x000001e196ca5020 JavaThread "Cancel handler" [_thread_blocked, id=32128, stack(0x0000005057000000,0x0000005057100000)]
  0x000001e196ca54f0 JavaThread "Daemon worker" [_thread_in_vm, id=32972, stack(0x0000005057100000,0x0000005057200000)]
  0x000001e196ca5e90 JavaThread "Asynchronous log dispatcher for DefaultDaemonConnection: socket connection from /127.0.0.1:56400 to /127.0.0.1:56402" [_thread_blocked, id=31520, stack(0x0000005057200000,0x0000005057300000)]
  0x000001e196ca71d0 JavaThread "Stdin handler" [_thread_blocked, id=25664, stack(0x0000005057300000,0x0000005057400000)]
  0x000001e1dd6da870 JavaThread "Daemon client event forwarder" [_thread_blocked, id=23540, stack(0x0000005057400000,0x0000005057500000)]
  0x000001e1dcf07870 JavaThread "C2 CompilerThread1" daemon [_thread_in_native, id=29144, stack(0x0000005057500000,0x0000005057600000)]
  0x000001e1dd6dc080 JavaThread "Cache worker for journal cache (C:\Users\jimmy\.gradle\caches\journal-1)" [_thread_blocked, id=11968, stack(0x0000005057600000,0x0000005057700000)]
  0x000001e1dd6db6e0 JavaThread "File lock request listener" [_thread_in_native, id=16548, stack(0x0000005057700000,0x0000005057800000)]
  0x000001e1dd6d9060 JavaThread "File lock release action executor" [_thread_blocked, id=33392, stack(0x0000005057800000,0x0000005057900000)]
  0x000001e1dd6d9530 JavaThread "Cache worker for file hash cache (C:\Users\jimmy\.gradle\caches\8.13\fileHashes)" [_thread_blocked, id=22352, stack(0x0000005057900000,0x0000005057a00000)]
  0x000001e1ddce7850 JavaThread "C2 CompilerThread2" daemon [_thread_in_native, id=32476, stack(0x0000005057f00000,0x0000005058000000)]

Other Threads:
  0x000001e196c80c70 VMThread "VM Thread" [stack: 0x0000005055a00000,0x0000005055b00000] [id=16248]
  0x000001e1f68f3e30 WatcherThread [stack: 0x0000005056600000,0x0000005056700000] [id=8704]
  0x000001e1f68d79c0 GCTaskThread "GC Thread#0" [stack: 0x0000005055500000,0x0000005055600000] [id=31884]
  0x000001e1dc390570 GCTaskThread "GC Thread#1" [stack: 0x0000005056800000,0x0000005056900000] [id=24068]
  0x000001e1dc4966c0 GCTaskThread "GC Thread#2" [stack: 0x0000005056900000,0x0000005056a00000] [id=14732]
  0x000001e1dd221100 GCTaskThread "GC Thread#3" [stack: 0x0000005056a00000,0x0000005056b00000] [id=33096]
  0x000001e1dc908f00 GCTaskThread "GC Thread#4" [stack: 0x0000005056b00000,0x0000005056c00000] [id=29064]
  0x000001e1de8d2cb0 GCTaskThread "GC Thread#5" [stack: 0x0000005057a00000,0x0000005057b00000] [id=8624]
  0x000001e1df5e1be0 GCTaskThread "GC Thread#6" [stack: 0x0000005057b00000,0x0000005057c00000] [id=26928]
  0x000001e1deb9e950 GCTaskThread "GC Thread#7" [stack: 0x0000005057c00000,0x0000005057d00000] [id=18436]
  0x000001e1ddfd51c0 GCTaskThread "GC Thread#8" [stack: 0x0000005057d00000,0x0000005057e00000] [id=17228]
  0x000001e1ddfd4f00 GCTaskThread "GC Thread#9" [stack: 0x0000005057e00000,0x0000005057f00000] [id=3400]
  0x000001e1f68e94f0 ConcurrentGCThread "G1 Main Marker" [stack: 0x0000005055600000,0x0000005055700000] [id=28556]
  0x000001e1f68ea5b0 ConcurrentGCThread "G1 Conc#0" [stack: 0x0000005055700000,0x0000005055800000] [id=5080]
  0x000001e196b3a980 ConcurrentGCThread "G1 Refine#0" [stack: 0x0000005055800000,0x0000005055900000] [id=252]
  0x000001e196b3b1c0 ConcurrentGCThread "G1 Service" [stack: 0x0000005055900000,0x0000005055a00000] [id=2056]

Threads with active compile tasks:
C2 CompilerThread0     9771 2482   !   4       java.net.URLClassLoader::findClass (47 bytes)
C2 CompilerThread1     9771 2495       4       java.net.URLClassLoader$1::run (5 bytes)
C2 CompilerThread2     9771 2596       4       java.lang.StringLatin1::compareToCI (108 bytes)

VM state: not at safepoint (normal execution)

VM Mutex/Monitor currently owned by a thread: None

Heap address: 0x0000000080000000, size: 2048 MB, Compressed Oops mode: 32-bit

CDS archive(s) mapped at: [0x000001e197000000-0x000001e197bd0000-0x000001e197bd0000), size 12386304, SharedBaseAddress: 0x000001e197000000, ArchiveRelocationMode: 1.
Compressed class space mapped at: 0x000001e198000000-0x000001e1d8000000, reserved size: 1073741824
Narrow klass base: 0x000001e197000000, Narrow klass shift: 0, Narrow klass range: 0x100000000

GC Precious Log:
 CPUs: 12 total, 12 available
 Memory: 7531M
 Large Page Support: Disabled
 NUMA Support: Disabled
 Compressed Oops: Enabled (32-bit)
 Heap Region Size: 1M
 Heap Min Capacity: 8M
 Heap Initial Capacity: 118M
 Heap Max Capacity: 2G
 Pre-touch: Disabled
 Parallel Workers: 10
 Concurrent Workers: 3
 Concurrent Refinement Workers: 10
 Periodic GC: Disabled

Heap:
 garbage-first heap   total 120832K, used 42694K [0x0000000080000000, 0x0000000100000000)
  region size 1024K, 31 young (31744K), 9 survivors (9216K)
 Metaspace       used 18627K, committed 18944K, reserved 1114112K
  class space    used 2684K, committed 2816K, reserved 1048576K

Heap Regions: E=young(eden), S=young(survivor), O=old, HS=humongous(starts), HC=humongous(continues), CS=collection set, F=free, OA=open archive, CA=closed archive, TAMS=top-at-mark-start (previous, next)
|   0|0x0000000080000000, 0x0000000080100000, 0x0000000080100000|100%|HS|  |TAMS 0x0000000080000000, 0x0000000080000000| Complete 
|   1|0x0000000080100000, 0x0000000080200000, 0x0000000080200000|100%|HC|  |TAMS 0x0000000080100000, 0x0000000080100000| Complete 
|   2|0x0000000080200000, 0x0000000080300000, 0x0000000080300000|100%|HC|  |TAMS 0x0000000080200000, 0x0000000080200000| Complete 
|   3|0x0000000080300000, 0x0000000080400000, 0x0000000080400000|100%| O|  |TAMS 0x0000000080300000, 0x0000000080300000| Untracked 
|   4|0x0000000080400000, 0x0000000080500000, 0x0000000080500000|100%| O|  |TAMS 0x0000000080400000, 0x0000000080400000| Untracked 
|   5|0x0000000080500000, 0x0000000080600000, 0x0000000080600000|100%| O|  |TAMS 0x0000000080500000, 0x0000000080500000| Untracked 
|   6|0x0000000080600000, 0x0000000080700000, 0x0000000080700000|100%|HS|  |TAMS 0x0000000080600000, 0x0000000080600000| Complete 
|   7|0x0000000080700000, 0x0000000080700000, 0x0000000080800000|  0%| F|  |TAMS 0x0000000080700000, 0x0000000080700000| Untracked 
|   8|0x0000000080800000, 0x0000000080900000, 0x0000000080900000|100%| O|  |TAMS 0x0000000080800000, 0x0000000080800000| Untracked 
|   9|0x0000000080900000, 0x0000000080a00000, 0x0000000080a00000|100%| O|  |TAMS 0x0000000080900000, 0x0000000080900000| Untracked 
|  10|0x0000000080a00000, 0x0000000080b00000, 0x0000000080b00000|100%| O|  |TAMS 0x0000000080a00000, 0x0000000080a00000| Untracked 
|  11|0x0000000080b00000, 0x0000000080c00000, 0x0000000080c00000|100%| O|  |TAMS 0x0000000080b00000, 0x0000000080b00000| Untracked 
|  12|0x0000000080c00000, 0x0000000080cbb800, 0x0000000080d00000| 73%| O|  |TAMS 0x0000000080c00000, 0x0000000080c00000| Untracked 
|  13|0x0000000080d00000, 0x0000000080d00000, 0x0000000080e00000|  0%| F|  |TAMS 0x0000000080d00000, 0x0000000080d00000| Untracked 
|  14|0x0000000080e00000, 0x0000000080e00000, 0x0000000080f00000|  0%| F|  |TAMS 0x0000000080e00000, 0x0000000080e00000| Untracked 
|  15|0x0000000080f00000, 0x0000000080f00000, 0x0000000081000000|  0%| F|  |TAMS 0x0000000080f00000, 0x0000000080f00000| Untracked 
|  16|0x0000000081000000, 0x0000000081000000, 0x0000000081100000|  0%| F|  |TAMS 0x0000000081000000, 0x0000000081000000| Untracked 
|  17|0x0000000081100000, 0x0000000081100000, 0x0000000081200000|  0%| F|  |TAMS 0x0000000081100000, 0x0000000081100000| Untracked 
|  18|0x0000000081200000, 0x0000000081200000, 0x0000000081300000|  0%| F|  |TAMS 0x0000000081200000, 0x0000000081200000| Untracked 
|  19|0x0000000081300000, 0x0000000081300000, 0x0000000081400000|  0%| F|  |TAMS 0x0000000081300000, 0x0000000081300000| Untracked 
|  20|0x0000000081400000, 0x0000000081400000, 0x0000000081500000|  0%| F|  |TAMS 0x0000000081400000, 0x0000000081400000| Untracked 
|  21|0x0000000081500000, 0x0000000081500000, 0x0000000081600000|  0%| F|  |TAMS 0x0000000081500000, 0x0000000081500000| Untracked 
|  22|0x0000000081600000, 0x0000000081600000, 0x0000000081700000|  0%| F|  |TAMS 0x0000000081600000, 0x0000000081600000| Untracked 
|  23|0x0000000081700000, 0x0000000081700000, 0x0000000081800000|  0%| F|  |TAMS 0x0000000081700000, 0x0000000081700000| Untracked 
|  24|0x0000000081800000, 0x0000000081800000, 0x0000000081900000|  0%| F|  |TAMS 0x0000000081800000, 0x0000000081800000| Untracked 
|  25|0x0000000081900000, 0x0000000081900000, 0x0000000081a00000|  0%| F|  |TAMS 0x0000000081900000, 0x0000000081900000| Untracked 
|  26|0x0000000081a00000, 0x0000000081a00000, 0x0000000081b00000|  0%| F|  |TAMS 0x0000000081a00000, 0x0000000081a00000| Untracked 
|  27|0x0000000081b00000, 0x0000000081b00000, 0x0000000081c00000|  0%| F|  |TAMS 0x0000000081b00000, 0x0000000081b00000| Untracked 
|  28|0x0000000081c00000, 0x0000000081c00000, 0x0000000081d00000|  0%| F|  |TAMS 0x0000000081c00000, 0x0000000081c00000| Untracked 
|  29|0x0000000081d00000, 0x0000000081d00000, 0x0000000081e00000|  0%| F|  |TAMS 0x0000000081d00000, 0x0000000081d00000| Untracked 
|  30|0x0000000081e00000, 0x0000000081e00000, 0x0000000081f00000|  0%| F|  |TAMS 0x0000000081e00000, 0x0000000081e00000| Untracked 
|  31|0x0000000081f00000, 0x0000000081f00000, 0x0000000082000000|  0%| F|  |TAMS 0x0000000081f00000, 0x0000000081f00000| Untracked 
|  32|0x0000000082000000, 0x0000000082000000, 0x0000000082100000|  0%| F|  |TAMS 0x0000000082000000, 0x0000000082000000| Untracked 
|  33|0x0000000082100000, 0x0000000082100000, 0x0000000082200000|  0%| F|  |TAMS 0x0000000082100000, 0x0000000082100000| Untracked 
|  34|0x0000000082200000, 0x0000000082200000, 0x0000000082300000|  0%| F|  |TAMS 0x0000000082200000, 0x0000000082200000| Untracked 
|  35|0x0000000082300000, 0x0000000082300000, 0x0000000082400000|  0%| F|  |TAMS 0x0000000082300000, 0x0000000082300000| Untracked 
|  36|0x0000000082400000, 0x0000000082400000, 0x0000000082500000|  0%| F|  |TAMS 0x0000000082400000, 0x0000000082400000| Untracked 
|  37|0x0000000082500000, 0x0000000082500000, 0x0000000082600000|  0%| F|  |TAMS 0x0000000082500000, 0x0000000082500000| Untracked 
|  38|0x0000000082600000, 0x0000000082600000, 0x0000000082700000|  0%| F|  |TAMS 0x0000000082600000, 0x0000000082600000| Untracked 
|  39|0x0000000082700000, 0x00000000827f6060, 0x0000000082800000| 96%| S|CS|TAMS 0x0000000082700000, 0x0000000082700000| Complete 
|  40|0x0000000082800000, 0x0000000082900000, 0x0000000082900000|100%| S|CS|TAMS 0x0000000082800000, 0x0000000082800000| Complete 
|  41|0x0000000082900000, 0x0000000082a00000, 0x0000000082a00000|100%| S|CS|TAMS 0x0000000082900000, 0x0000000082900000| Complete 
|  42|0x0000000082a00000, 0x0000000082b00000, 0x0000000082b00000|100%| S|CS|TAMS 0x0000000082a00000, 0x0000000082a00000| Complete 
|  43|0x0000000082b00000, 0x0000000082c00000, 0x0000000082c00000|100%| S|CS|TAMS 0x0000000082b00000, 0x0000000082b00000| Complete 
|  44|0x0000000082c00000, 0x0000000082d00000, 0x0000000082d00000|100%| S|CS|TAMS 0x0000000082c00000, 0x0000000082c00000| Complete 
|  45|0x0000000082d00000, 0x0000000082e00000, 0x0000000082e00000|100%| S|CS|TAMS 0x0000000082d00000, 0x0000000082d00000| Complete 
|  46|0x0000000082e00000, 0x0000000082f00000, 0x0000000082f00000|100%| S|CS|TAMS 0x0000000082e00000, 0x0000000082e00000| Complete 
|  47|0x0000000082f00000, 0x0000000083000000, 0x0000000083000000|100%| S|CS|TAMS 0x0000000082f00000, 0x0000000082f00000| Complete 
|  48|0x0000000083000000, 0x0000000083000000, 0x0000000083100000|  0%| F|  |TAMS 0x0000000083000000, 0x0000000083000000| Untracked 
|  49|0x0000000083100000, 0x0000000083100000, 0x0000000083200000|  0%| F|  |TAMS 0x0000000083100000, 0x0000000083100000| Untracked 
|  50|0x0000000083200000, 0x0000000083200000, 0x0000000083300000|  0%| F|  |TAMS 0x0000000083200000, 0x0000000083200000| Untracked 
|  51|0x0000000083300000, 0x0000000083300000, 0x0000000083400000|  0%| F|  |TAMS 0x0000000083300000, 0x0000000083300000| Untracked 
|  52|0x0000000083400000, 0x0000000083400000, 0x0000000083500000|  0%| F|  |TAMS 0x0000000083400000, 0x0000000083400000| Untracked 
|  53|0x0000000083500000, 0x0000000083500000, 0x0000000083600000|  0%| F|  |TAMS 0x0000000083500000, 0x0000000083500000| Untracked 
|  54|0x0000000083600000, 0x0000000083600000, 0x0000000083700000|  0%| F|  |TAMS 0x0000000083600000, 0x0000000083600000| Untracked 
|  55|0x0000000083700000, 0x0000000083700000, 0x0000000083800000|  0%| F|  |TAMS 0x0000000083700000, 0x0000000083700000| Untracked 
|  56|0x0000000083800000, 0x0000000083800000, 0x0000000083900000|  0%| F|  |TAMS 0x0000000083800000, 0x0000000083800000| Untracked 
|  57|0x0000000083900000, 0x0000000083900000, 0x0000000083a00000|  0%| F|  |TAMS 0x0000000083900000, 0x0000000083900000| Untracked 
|  58|0x0000000083a00000, 0x0000000083a00000, 0x0000000083b00000|  0%| F|  |TAMS 0x0000000083a00000, 0x0000000083a00000| Untracked 
|  59|0x0000000083b00000, 0x0000000083b00000, 0x0000000083c00000|  0%| F|  |TAMS 0x0000000083b00000, 0x0000000083b00000| Untracked 
|  60|0x0000000083c00000, 0x0000000083c00000, 0x0000000083d00000|  0%| F|  |TAMS 0x0000000083c00000, 0x0000000083c00000| Untracked 
|  61|0x0000000083d00000, 0x0000000083d00000, 0x0000000083e00000|  0%| F|  |TAMS 0x0000000083d00000, 0x0000000083d00000| Untracked 
|  62|0x0000000083e00000, 0x0000000083e00000, 0x0000000083f00000|  0%| F|  |TAMS 0x0000000083e00000, 0x0000000083e00000| Untracked 
|  63|0x0000000083f00000, 0x0000000083f00000, 0x0000000084000000|  0%| F|  |TAMS 0x0000000083f00000, 0x0000000083f00000| Untracked 
|  64|0x0000000084000000, 0x0000000084000000, 0x0000000084100000|  0%| F|  |TAMS 0x0000000084000000, 0x0000000084000000| Untracked 
|  65|0x0000000084100000, 0x0000000084100000, 0x0000000084200000|  0%| F|  |TAMS 0x0000000084100000, 0x0000000084100000| Untracked 
|  66|0x0000000084200000, 0x0000000084200000, 0x0000000084300000|  0%| F|  |TAMS 0x0000000084200000, 0x0000000084200000| Untracked 
|  67|0x0000000084300000, 0x0000000084300000, 0x0000000084400000|  0%| F|  |TAMS 0x0000000084300000, 0x0000000084300000| Untracked 
|  68|0x0000000084400000, 0x0000000084400000, 0x0000000084500000|  0%| F|  |TAMS 0x0000000084400000, 0x0000000084400000| Untracked 
|  69|0x0000000084500000, 0x0000000084500000, 0x0000000084600000|  0%| F|  |TAMS 0x0000000084500000, 0x0000000084500000| Untracked 
|  70|0x0000000084600000, 0x0000000084600000, 0x0000000084700000|  0%| F|  |TAMS 0x0000000084600000, 0x0000000084600000| Untracked 
|  71|0x0000000084700000, 0x0000000084700000, 0x0000000084800000|  0%| F|  |TAMS 0x0000000084700000, 0x0000000084700000| Untracked 
|  72|0x0000000084800000, 0x0000000084800000, 0x0000000084900000|  0%| F|  |TAMS 0x0000000084800000, 0x0000000084800000| Untracked 
|  73|0x0000000084900000, 0x0000000084900000, 0x0000000084a00000|  0%| F|  |TAMS 0x0000000084900000, 0x0000000084900000| Untracked 
|  74|0x0000000084a00000, 0x0000000084a00000, 0x0000000084b00000|  0%| F|  |TAMS 0x0000000084a00000, 0x0000000084a00000| Untracked 
|  75|0x0000000084b00000, 0x0000000084b00000, 0x0000000084c00000|  0%| F|  |TAMS 0x0000000084b00000, 0x0000000084b00000| Untracked 
|  76|0x0000000084c00000, 0x0000000084c00000, 0x0000000084d00000|  0%| F|  |TAMS 0x0000000084c00000, 0x0000000084c00000| Untracked 
|  77|0x0000000084d00000, 0x0000000084d00000, 0x0000000084e00000|  0%| F|  |TAMS 0x0000000084d00000, 0x0000000084d00000| Untracked 
|  78|0x0000000084e00000, 0x0000000084e00000, 0x0000000084f00000|  0%| F|  |TAMS 0x0000000084e00000, 0x0000000084e00000| Untracked 
|  79|0x0000000084f00000, 0x0000000084f00000, 0x0000000085000000|  0%| F|  |TAMS 0x0000000084f00000, 0x0000000084f00000| Untracked 
|  80|0x0000000085000000, 0x0000000085000000, 0x0000000085100000|  0%| F|  |TAMS 0x0000000085000000, 0x0000000085000000| Untracked 
|  81|0x0000000085100000, 0x0000000085100000, 0x0000000085200000|  0%| F|  |TAMS 0x0000000085100000, 0x0000000085100000| Untracked 
|  82|0x0000000085200000, 0x0000000085200000, 0x0000000085300000|  0%| F|  |TAMS 0x0000000085200000, 0x0000000085200000| Untracked 
|  83|0x0000000085300000, 0x0000000085300000, 0x0000000085400000|  0%| F|  |TAMS 0x0000000085300000, 0x0000000085300000| Untracked 
|  84|0x0000000085400000, 0x0000000085400000, 0x0000000085500000|  0%| F|  |TAMS 0x0000000085400000, 0x0000000085400000| Untracked 
|  85|0x0000000085500000, 0x0000000085500000, 0x0000000085600000|  0%| F|  |TAMS 0x0000000085500000, 0x0000000085500000| Untracked 
|  86|0x0000000085600000, 0x0000000085600000, 0x0000000085700000|  0%| F|  |TAMS 0x0000000085600000, 0x0000000085600000| Untracked 
|  87|0x0000000085700000, 0x0000000085700000, 0x0000000085800000|  0%| F|  |TAMS 0x0000000085700000, 0x0000000085700000| Untracked 
|  88|0x0000000085800000, 0x0000000085800000, 0x0000000085900000|  0%| F|  |TAMS 0x0000000085800000, 0x0000000085800000| Untracked 
|  89|0x0000000085900000, 0x0000000085900000, 0x0000000085a00000|  0%| F|  |TAMS 0x0000000085900000, 0x0000000085900000| Untracked 
|  90|0x0000000085a00000, 0x0000000085a00000, 0x0000000085b00000|  0%| F|  |TAMS 0x0000000085a00000, 0x0000000085a00000| Untracked 
|  91|0x0000000085b00000, 0x0000000085b00000, 0x0000000085c00000|  0%| F|  |TAMS 0x0000000085b00000, 0x0000000085b00000| Untracked 
|  92|0x0000000085c00000, 0x0000000085c00000, 0x0000000085d00000|  0%| F|  |TAMS 0x0000000085c00000, 0x0000000085c00000| Untracked 
|  93|0x0000000085d00000, 0x0000000085d00000, 0x0000000085e00000|  0%| F|  |TAMS 0x0000000085d00000, 0x0000000085d00000| Untracked 
|  94|0x0000000085e00000, 0x0000000085e00000, 0x0000000085f00000|  0%| F|  |TAMS 0x0000000085e00000, 0x0000000085e00000| Untracked 
|  95|0x0000000085f00000, 0x0000000085f00000, 0x0000000086000000|  0%| F|  |TAMS 0x0000000085f00000, 0x0000000085f00000| Untracked 
|  96|0x0000000086000000, 0x0000000086100000, 0x0000000086100000|100%| E|  |TAMS 0x0000000086000000, 0x0000000086000000| Complete 
|  97|0x0000000086100000, 0x0000000086200000, 0x0000000086200000|100%| E|CS|TAMS 0x0000000086100000, 0x0000000086100000| Complete 
|  98|0x0000000086200000, 0x0000000086300000, 0x0000000086300000|100%| E|CS|TAMS 0x0000000086200000, 0x0000000086200000| Complete 
|  99|0x0000000086300000, 0x0000000086400000, 0x0000000086400000|100%| E|CS|TAMS 0x0000000086300000, 0x0000000086300000| Complete 
| 100|0x0000000086400000, 0x0000000086500000, 0x0000000086500000|100%| E|CS|TAMS 0x0000000086400000, 0x0000000086400000| Complete 
| 101|0x0000000086500000, 0x0000000086600000, 0x0000000086600000|100%| E|CS|TAMS 0x0000000086500000, 0x0000000086500000| Complete 
| 102|0x0000000086600000, 0x0000000086700000, 0x0000000086700000|100%| E|CS|TAMS 0x0000000086600000, 0x0000000086600000| Complete 
| 103|0x0000000086700000, 0x0000000086800000, 0x0000000086800000|100%| E|CS|TAMS 0x0000000086700000, 0x0000000086700000| Complete 
| 104|0x0000000086800000, 0x0000000086900000, 0x0000000086900000|100%| E|CS|TAMS 0x0000000086800000, 0x0000000086800000| Complete 
| 105|0x0000000086900000, 0x0000000086a00000, 0x0000000086a00000|100%| E|CS|TAMS 0x0000000086900000, 0x0000000086900000| Complete 
| 106|0x0000000086a00000, 0x0000000086b00000, 0x0000000086b00000|100%| E|CS|TAMS 0x0000000086a00000, 0x0000000086a00000| Complete 
| 107|0x0000000086b00000, 0x0000000086c00000, 0x0000000086c00000|100%| E|CS|TAMS 0x0000000086b00000, 0x0000000086b00000| Complete 
| 108|0x0000000086c00000, 0x0000000086d00000, 0x0000000086d00000|100%| E|CS|TAMS 0x0000000086c00000, 0x0000000086c00000| Complete 
| 109|0x0000000086d00000, 0x0000000086e00000, 0x0000000086e00000|100%| E|CS|TAMS 0x0000000086d00000, 0x0000000086d00000| Complete 
| 110|0x0000000086e00000, 0x0000000086f00000, 0x0000000086f00000|100%| E|CS|TAMS 0x0000000086e00000, 0x0000000086e00000| Complete 
| 111|0x0000000086f00000, 0x0000000087000000, 0x0000000087000000|100%| E|CS|TAMS 0x0000000086f00000, 0x0000000086f00000| Complete 
| 112|0x0000000087000000, 0x0000000087100000, 0x0000000087100000|100%| E|CS|TAMS 0x0000000087000000, 0x0000000087000000| Complete 
| 113|0x0000000087100000, 0x0000000087200000, 0x0000000087200000|100%| E|CS|TAMS 0x0000000087100000, 0x0000000087100000| Complete 
| 114|0x0000000087200000, 0x0000000087300000, 0x0000000087300000|100%| E|CS|TAMS 0x0000000087200000, 0x0000000087200000| Complete 
| 115|0x0000000087300000, 0x0000000087400000, 0x0000000087400000|100%| E|CS|TAMS 0x0000000087300000, 0x0000000087300000| Complete 
| 116|0x0000000087400000, 0x0000000087500000, 0x0000000087500000|100%| E|CS|TAMS 0x0000000087400000, 0x0000000087400000| Complete 
| 117|0x0000000087500000, 0x0000000087600000, 0x0000000087600000|100%| E|CS|TAMS 0x0000000087500000, 0x0000000087500000| Complete 

Card table byte_map: [0x000001e18f840000,0x000001e18fc40000] _byte_map_base: 0x000001e18f440000

Marking Bits (Prev, Next): (CMBitMap*) 0x000001e1f68d7ef0, (CMBitMap*) 0x000001e1f68d7f30
 Prev Bits: [0x000001e190040000, 0x000001e192040000)
 Next Bits: [0x000001e192040000, 0x000001e194040000)

Polling page: 0x000001e1f6560000

Metaspace:

Usage:
  Non-class:     15.61 MB used.
      Class:      2.63 MB used.
       Both:     18.24 MB used.

Virtual space:
  Non-class space:       64.00 MB reserved,      15.75 MB ( 25%) committed,  1 nodes.
      Class space:        1.00 GB reserved,       2.75 MB ( <1%) committed,  1 nodes.
             Both:        1.06 GB reserved,      18.50 MB (  2%) committed. 

Chunk freelists:
   Non-Class:  15.88 MB
       Class:  13.22 MB
        Both:  29.10 MB

MaxMetaspaceSize: unlimited
CompressedClassSpaceSize: 1.00 GB
Initial GC threshold: 21.00 MB
Current GC threshold: 21.00 MB
CDS: on
MetaspaceReclaimPolicy: balanced
 - commit_granule_bytes: 65536.
 - commit_granule_words: 8192.
 - virtual_space_node_default_size: 8388608.
 - enlarge_chunks_in_place: 1.
 - new_chunks_are_fully_committed: 0.
 - uncommit_free_chunks: 1.
 - use_allocation_guard: 0.
 - handle_deallocations: 1.


Internal statistics:

num_allocs_failed_limit: 0.
num_arena_births: 206.
num_arena_deaths: 0.
num_vsnodes_births: 2.
num_vsnodes_deaths: 0.
num_space_committed: 296.
num_space_uncommitted: 0.
num_chunks_returned_to_freelist: 0.
num_chunks_taken_from_freelist: 862.
num_chunk_merges: 0.
num_chunk_splits: 560.
num_chunks_enlarged: 404.
num_inconsistent_stats: 0.

CodeHeap 'non-profiled nmethods': size=120000Kb used=1300Kb max_used=1300Kb free=118699Kb
 bounds [0x000001e187ad0000, 0x000001e187d40000, 0x000001e18f000000]
CodeHeap 'profiled nmethods': size=120000Kb used=5242Kb max_used=5242Kb free=114758Kb
 bounds [0x000001e180000000, 0x000001e180520000, 0x000001e187530000]
CodeHeap 'non-nmethods': size=5760Kb used=1235Kb max_used=1280Kb free=4524Kb
 bounds [0x000001e187530000, 0x000001e1877a0000, 0x000001e187ad0000]
 total_blobs=3132 nmethods=2589 adapters=455
 compilation: enabled
              stopped_count=0, restarted_count=0
 full_count=0

Compilation events (20 events):
Event: 7.982 Thread 0x000001e196cdfc50 2560       3       org.gradle.internal.service.DefaultServiceRegistry$FactoryMethodService::<init> (34 bytes)
Event: 7.983 Thread 0x000001e196cdfc50 nmethod 2560 0x000001e18050e410 code [0x000001e18050e5e0, 0x000001e18050ea38]
Event: 8.064 Thread 0x000001e196cdfc50 2565       3       jdk.internal.reflect.MethodAccessorImpl::<init> (5 bytes)
Event: 8.066 Thread 0x000001e196cdfc50 nmethod 2565 0x000001e18050ec90 code [0x000001e18050ee40, 0x000001e18050eff8]
Event: 8.066 Thread 0x000001e196cdfc50 2566       3       java.lang.reflect.Method::setMethodAccessor (21 bytes)
Event: 8.067 Thread 0x000001e196cdfc50 nmethod 2566 0x000001e18050f110 code [0x000001e18050f2c0, 0x000001e18050f5a8]
Event: 8.104 Thread 0x000001e196cdfc50 2567       3       java.lang.Class::getDeclaredConstructors (27 bytes)
Event: 8.105 Thread 0x000001e196cdfc50 nmethod 2567 0x000001e18050f690 code [0x000001e18050f880, 0x000001e18050fb98]
Event: 8.107 Thread 0x000001e196cdfc50 2568       3       java.lang.invoke.MethodHandles$Lookup::findBoundCallerLookup (30 bytes)
Event: 8.108 Thread 0x000001e196cdfc50 nmethod 2568 0x000001e18050fd10 code [0x000001e18050ff20, 0x000001e1805106d8]
Event: 8.108 Thread 0x000001e196cdfc50 2569       3       java.lang.invoke.MethodHandles$Lookup::getDirectMethodCommon (280 bytes)
Event: 8.110 Thread 0x000001e196cdfc50 nmethod 2569 0x000001e180510990 code [0x000001e180510ca0, 0x000001e180511d38]
Event: 8.110 Thread 0x000001e196cdfc50 2570       3       java.lang.invoke.MethodHandles$Lookup::maybeBindCaller (72 bytes)
Event: 8.111 Thread 0x000001e196cdfc50 nmethod 2570 0x000001e180512310 code [0x000001e180512540, 0x000001e180512e08]
Event: 8.116 Thread 0x000001e196cdfc50 2571       3       java.util.Arrays::asList (9 bytes)
Event: 8.117 Thread 0x000001e196cdfc50 nmethod 2571 0x000001e180513110 code [0x000001e1805132e0, 0x000001e180513768]
Event: 8.117 Thread 0x000001e196cdfc50 2572       3       jdk.internal.org.objectweb.asm.Frame::addInitializedType (77 bytes)
Event: 8.118 Thread 0x000001e196cdfc50 nmethod 2572 0x000001e180513910 code [0x000001e180513ae0, 0x000001e180514008]
Event: 8.121 Thread 0x000001e196cdfc50 2573       3       sun.reflect.generics.repository.AbstractRepository::getReifier (8 bytes)
Event: 8.122 Thread 0x000001e196cdfc50 nmethod 2573 0x000001e180514190 code [0x000001e180514340, 0x000001e180514638]

GC Heap History (8 events):
Event: 1.065 GC heap before
{Heap before GC invocations=0 (full 0):
 garbage-first heap   total 120832K, used 22528K [0x0000000080000000, 0x0000000100000000)
  region size 1024K, 23 young (23552K), 0 survivors (0K)
 Metaspace       used 1085K, committed 1216K, reserved 1114112K
  class space    used 74K, committed 128K, reserved 1048576K
}
Event: 1.072 GC heap after
{Heap after GC invocations=1 (full 0):
 garbage-first heap   total 120832K, used 2688K [0x0000000080000000, 0x0000000100000000)
  region size 1024K, 3 young (3072K), 3 survivors (3072K)
 Metaspace       used 1085K, committed 1216K, reserved 1114112K
  class space    used 74K, committed 128K, reserved 1048576K
}
Event: 3.326 GC heap before
{Heap before GC invocations=1 (full 0):
 garbage-first heap   total 120832K, used 39552K [0x0000000080000000, 0x0000000100000000)
  region size 1024K, 37 young (37888K), 3 survivors (3072K)
 Metaspace       used 4416K, committed 4544K, reserved 1114112K
  class space    used 550K, committed 640K, reserved 1048576K
}
Event: 3.341 GC heap after
{Heap after GC invocations=2 (full 0):
 garbage-first heap   total 120832K, used 10983K [0x0000000080000000, 0x0000000100000000)
  region size 1024K, 5 young (5120K), 5 survivors (5120K)
 Metaspace       used 4416K, committed 4544K, reserved 1114112K
  class space    used 550K, committed 640K, reserved 1048576K
}
Event: 4.659 GC heap before
{Heap before GC invocations=2 (full 0):
 garbage-first heap   total 120832K, used 56039K [0x0000000080000000, 0x0000000100000000)
  region size 1024K, 47 young (48128K), 5 survivors (5120K)
 Metaspace       used 4653K, committed 4864K, reserved 1114112K
  class space    used 581K, committed 704K, reserved 1048576K
}
Event: 4.673 GC heap after
{Heap after GC invocations=3 (full 0):
 garbage-first heap   total 120832K, used 16629K [0x0000000080000000, 0x0000000100000000)
  region size 1024K, 5 young (5120K), 5 survivors (5120K)
 Metaspace       used 4653K, committed 4864K, reserved 1114112K
  class space    used 581K, committed 704K, reserved 1048576K
}
Event: 7.514 GC heap before
{Heap before GC invocations=3 (full 0):
 garbage-first heap   total 120832K, used 83189K [0x0000000080000000, 0x0000000100000000)
  region size 1024K, 70 young (71680K), 5 survivors (5120K)
 Metaspace       used 16304K, committed 16512K, reserved 1114112K
  class space    used 2280K, committed 2368K, reserved 1048576K
}
Event: 7.525 GC heap after
{Heap after GC invocations=4 (full 0):
 garbage-first heap   total 120832K, used 21190K [0x0000000080000000, 0x0000000100000000)
  region size 1024K, 9 young (9216K), 9 survivors (9216K)
 Metaspace       used 16304K, committed 16512K, reserved 1114112K
  class space    used 2280K, committed 2368K, reserved 1048576K
}

Deoptimization events (20 events):
Event: 7.189 Thread 0x000001e196ca54f0 DEOPT PACKING pc=0x000001e1800e29bc sp=0x00000050571fa3c0
Event: 7.189 Thread 0x000001e196ca54f0 DEOPT UNPACKING pc=0x000001e187582b43 sp=0x00000050571f9858 mode 0
Event: 7.227 Thread 0x000001e196ca54f0 Uncommon trap: trap_request=0xffffff45 fr.pc=0x000001e187bc6e74 relative=0x0000000000000074
Event: 7.227 Thread 0x000001e196ca54f0 Uncommon trap: reason=unstable_if action=reinterpret pc=0x000001e187bc6e74 method=jdk.internal.misc.Unsafe.convEndian(ZI)I @ 4 c2
Event: 7.227 Thread 0x000001e196ca54f0 DEOPT PACKING pc=0x000001e187bc6e74 sp=0x00000050571fa800
Event: 7.227 Thread 0x000001e196ca54f0 DEOPT UNPACKING pc=0x000001e1875823a3 sp=0x00000050571fa708 mode 2
Event: 7.263 Thread 0x000001e196ca54f0 Uncommon trap: trap_request=0xffffff45 fr.pc=0x000001e187af040c relative=0x0000000000000a8c
Event: 7.263 Thread 0x000001e196ca54f0 Uncommon trap: reason=unstable_if action=reinterpret pc=0x000001e187af040c method=java.io.WinNTFileSystem.resolve(Ljava/lang/String;Ljava/lang/String;)Ljava/lang/String; @ 19 c2
Event: 7.263 Thread 0x000001e196ca54f0 DEOPT PACKING pc=0x000001e187af040c sp=0x00000050571fac80
Event: 7.263 Thread 0x000001e196ca54f0 DEOPT UNPACKING pc=0x000001e1875823a3 sp=0x00000050571fac28 mode 2
Event: 7.266 Thread 0x000001e196ca54f0 Uncommon trap: trap_request=0xffffff45 fr.pc=0x000001e187b705b8 relative=0x00000000000005f8
Event: 7.266 Thread 0x000001e196ca54f0 Uncommon trap: reason=unstable_if action=reinterpret pc=0x000001e187b705b8 method=java.io.File.getName()Ljava/lang/String; @ 16 c2
Event: 7.266 Thread 0x000001e196ca54f0 DEOPT PACKING pc=0x000001e187b705b8 sp=0x00000050571fac30
Event: 7.266 Thread 0x000001e196ca54f0 DEOPT UNPACKING pc=0x000001e1875823a3 sp=0x00000050571fac00 mode 2
Event: 7.598 Thread 0x000001e196ca54f0 DEOPT PACKING pc=0x000001e1803ef96a sp=0x00000050571f9be0
Event: 7.598 Thread 0x000001e196ca54f0 DEOPT UNPACKING pc=0x000001e187582b43 sp=0x00000050571f90f0 mode 0
Event: 7.644 Thread 0x000001e196ca54f0 DEOPT PACKING pc=0x000001e1803ef96a sp=0x00000050571fb570
Event: 7.644 Thread 0x000001e196ca54f0 DEOPT UNPACKING pc=0x000001e187582b43 sp=0x00000050571faa80 mode 0
Event: 7.667 Thread 0x000001e196ca54f0 DEOPT PACKING pc=0x000001e1803ef96a sp=0x00000050571faf30
Event: 7.667 Thread 0x000001e196ca54f0 DEOPT UNPACKING pc=0x000001e187582b43 sp=0x00000050571fa440 mode 0

Classes unloaded (0 events):
No events

Classes redefined (0 events):
No events

Internal exceptions (20 events):
Event: 6.186 Thread 0x000001e1f6878010 Exception <a 'java/lang/NoSuchMethodError'{0x000000008646aee8}: 'java.lang.Object java.lang.invoke.DirectMethodHandle$Holder.invokeStaticInit(java.lang.Object, java.lang.Object, int, int, int, int)'> (0x000000008646aee8) 
thrown [s\open\src\hotspot\share\interpreter\linkResolver.cpp, line 759]
Event: 6.321 Thread 0x000001e1f6878010 Exception <a 'java/io/IOException'{0x00000000861134c8}> (0x00000000861134c8) 
thrown [s\open\src\hotspot\share\prims\jni.cpp, line 516]
Event: 6.328 Thread 0x000001e1f6878010 Implicit null exception at 0x000001e187b243f2 to 0x000001e187b249c0
Event: 6.335 Thread 0x000001e1f6878010 Exception <a 'java/lang/NoSuchMethodError'{0x0000000086178d50}: 'java.lang.Object java.lang.invoke.DirectMethodHandle$Holder.newInvokeSpecial(java.lang.Object, java.lang.Object, java.lang.Object, java.lang.Object, java.lang.Object)'> (0x0000000086178d50) 
thrown [s\open\src\hotspot\share\interpreter\linkResolver.cpp, line 759]
Event: 6.503 Thread 0x000001e196ca4b50 Exception <a 'java/lang/NoSuchMethodError'{0x0000000085efcbd8}: 'void java.lang.invoke.DirectMethodHandle$Holder.invokeSpecial(java.lang.Object, java.lang.Object, java.lang.Object)'> (0x0000000085efcbd8) 
thrown [s\open\src\hotspot\share\interpreter\linkResolver.cpp, line 759]
Event: 6.604 Thread 0x000001e196ca54f0 Exception <a 'java/lang/NoSuchMethodError'{0x000000008572b168}: 'long java.lang.invoke.DirectMethodHandle$Holder.invokeInterface(java.lang.Object, java.lang.Object)'> (0x000000008572b168) 
thrown [s\open\src\hotspot\share\interpreter\linkResolver.cpp, line 759]
Event: 6.711 Thread 0x000001e196ca54f0 Exception <a 'java/lang/NoSuchMethodError'{0x00000000853cd948}: 'void java.lang.invoke.DirectMethodHandle$Holder.invokeStatic(java.lang.Object, java.lang.Object)'> (0x00000000853cd948) 
thrown [s\open\src\hotspot\share\interpreter\linkResolver.cpp, line 759]
Event: 6.773 Thread 0x000001e196ca54f0 Exception <a 'java/lang/NoSuchMethodError'{0x00000000851f11e8}: 'int java.lang.invoke.DirectMethodHandle$Holder.invokeVirtual(java.lang.Object, java.lang.Object, java.lang.Object)'> (0x00000000851f11e8) 
thrown [s\open\src\hotspot\share\interpreter\linkResolver.cpp, line 759]
Event: 6.827 Thread 0x000001e196ca54f0 Exception <a 'java/lang/NoSuchMethodError'{0x0000000084e89560}: 'java.lang.Object java.lang.invoke.DirectMethodHandle$Holder.newInvokeSpecial(java.lang.Object, java.lang.Object, java.lang.Object, java.lang.Object, java.lang.Object, java.lang.Object)'> (0x0000000084e89560) 
thrown [s\open\src\hotspot\share\interpreter\linkResolver.cpp, line 759]
Event: 6.907 Thread 0x000001e196ca54f0 Exception <a 'java/lang/NoSuchMethodError'{0x0000000084b93578}: 'void java.lang.invoke.DelegatingMethodHandle$Holder.reinvoke_L(java.lang.Object, java.lang.Object, java.lang.Object, java.lang.Object, java.lang.Object, java.lang.Object, java.lang.Object, java.lang.Object, java.lang.Object, java.lang.Object)'> (0x0000000084b93578) 
thrown [s\open\src\hotspot\share\interpreter\linkResolver.cpp, line 759]
Event: 6.908 Thread 0x000001e196ca54f0 Exception <a 'java/lang/NoSuchMethodError'{0x0000000084b9b9e8}: 'java.lang.Object java.lang.invoke.DirectMethodHandle$Holder.invokeSpecial(java.lang.Object, java.lang.Object, java.lang.Object, java.lang.Object, java.lang.Object, java.lang.Object, java.lang.Object, java.lang.Object, java.lang.Object, java.lang.Object)'> (0x0000000084b9b9e8) 
thrown [s\open\src\hotspot\share\interpreter\linkResolver.cpp, line 759]
Event: 6.908 Thread 0x000001e196ca54f0 Exception <a 'java/lang/NoSuchMethodError'{0x0000000084ba02b8}: 'java.lang.Object java.lang.invoke.Invokers$Holder.invoker(java.lang.Object, java.lang.Object, java.lang.Object, java.lang.Object, java.lang.Object, java.lang.Object, java.lang.Object, java.lang.Object, java.lang.Object, java.lang.Object)'> (0x0000000084ba02b8) 
thrown [s\open\src\hotspot\share\interpreter\linkResolver.cpp, line 759]
Event: 6.909 Thread 0x000001e196ca54f0 Exception <a 'java/lang/NoSuchMethodError'{0x0000000084ba5ec0}: 'java.lang.Object java.lang.invoke.DirectMethodHandle$Holder.invokeSpecial(java.lang.Object, java.lang.Object, java.lang.Object, java.lang.Object, java.lang.Object, java.lang.Object, java.lang.Object, java.lang.Object, java.lang.Object, java.lang.Object, java.lang.Object)'> (0x0000000084ba5ec0) 
thrown [s\open\src\hotspot\share\interpreter\linkResolver.cpp, line 759]
Event: 7.142 Thread 0x000001e196ca54f0 Exception <a 'java/lang/NoSuchMethodError'{0x0000000083eb1670}: 'java.lang.Object java.lang.invoke.DirectMethodHandle$Holder.newInvokeSpecial(java.lang.Object, java.lang.Object, int)'> (0x0000000083eb1670) 
thrown [s\open\src\hotspot\share\interpreter\linkResolver.cpp, line 759]
Event: 7.292 Thread 0x000001e196ca54f0 Exception <a 'java/lang/NoSuchMethodError'{0x00000000839fcb90}: 'java.lang.Object java.lang.invoke.DirectMethodHandle$Holder.invokeInterface(java.lang.Object, java.lang.Object, java.lang.Object)'> (0x00000000839fcb90) 
thrown [s\open\src\hotspot\share\interpreter\linkResolver.cpp, line 759]
Event: 7.314 Thread 0x000001e196ca54f0 Exception <a 'java/lang/NoSuchMethodError'{0x00000000838e4f80}: 'int java.lang.invoke.DirectMethodHandle$Holder.invokeSpecialIFC(java.lang.Object, java.lang.Object, java.lang.Object, java.lang.Object)'> (0x00000000838e4f80) 
thrown [s\open\src\hotspot\share\interpreter\linkResolver.cpp, line 759]
Event: 7.316 Thread 0x000001e196ca54f0 Exception <a 'java/lang/IncompatibleClassChangeError'{0x00000000838f3d18}: Found class java.lang.Object, but interface was expected> (0x00000000838f3d18) 
thrown [s\open\src\hotspot\share\interpreter\linkResolver.cpp, line 826]
Event: 7.376 Thread 0x000001e196ca54f0 Exception <a 'java/lang/NoSuchMethodError'{0x00000000836f3f88}: 'int java.lang.invoke.DirectMethodHandle$Holder.invokeStatic(java.lang.Object, java.lang.Object, java.lang.Object, java.lang.Object)'> (0x00000000836f3f88) 
thrown [s\open\src\hotspot\share\interpreter\linkResolver.cpp, line 759]
Event: 7.377 Thread 0x000001e196ca54f0 Exception <a 'java/lang/NoSuchMethodError'{0x00000000836f7e58}: 'java.lang.Object java.lang.invoke.Invokers$Holder.invokeExact_MT(java.lang.Object, java.lang.Object, java.lang.Object, java.lang.Object, java.lang.Object, java.lang.Object)'> (0x00000000836f7e58) 
thrown [s\open\src\hotspot\share\interpreter\linkResolver.cpp, line 759]
Event: 7.807 Thread 0x000001e196ca54f0 Exception <a 'java/lang/NoSuchMethodError'{0x0000000086c84880}: 'int java.lang.invoke.DirectMethodHandle$Holder.invokeStaticInit(java.lang.Object, java.lang.Object, java.lang.Object)'> (0x0000000086c84880) 
thrown [s\open\src\hotspot\share\interpreter\linkResolver.cpp, line 759]

VM Operations (20 events):
Event: 5.818 Executing VM operation: HandshakeAllThreads done
Event: 5.818 Executing VM operation: Cleanup
Event: 5.818 Executing VM operation: Cleanup done
Event: 5.889 Executing VM operation: HandshakeAllThreads
Event: 5.889 Executing VM operation: HandshakeAllThreads done
Event: 5.927 Executing VM operation: HandshakeAllThreads
Event: 5.927 Executing VM operation: HandshakeAllThreads done
Event: 6.167 Executing VM operation: HandshakeAllThreads
Event: 6.167 Executing VM operation: HandshakeAllThreads done
Event: 6.376 Executing VM operation: HandshakeAllThreads
Event: 6.376 Executing VM operation: HandshakeAllThreads done
Event: 7.092 Executing VM operation: ICBufferFull
Event: 7.092 Executing VM operation: ICBufferFull done
Event: 7.438 Executing VM operation: HandshakeAllThreads
Event: 7.438 Executing VM operation: HandshakeAllThreads done
Event: 7.438 Executing VM operation: HandshakeAllThreads
Event: 7.438 Executing VM operation: HandshakeAllThreads done
Event: 7.514 Executing VM operation: G1CollectForAllocation
Event: 7.525 Executing VM operation: G1CollectForAllocation done
Event: 8.530 Executing VM operation: Cleanup

Events (20 events):
Event: 7.317 loading class java/util/stream/ReduceOps$1
Event: 7.317 loading class java/util/stream/ReduceOps$1 done
Event: 7.317 loading class java/util/stream/ReduceOps$1ReducingSink
Event: 7.318 loading class java/util/stream/ReduceOps$1ReducingSink done
Event: 7.565 loading class java/util/function/LongFunction
Event: 7.565 loading class java/util/function/LongFunction done
Event: 7.635 loading class java/security/InvalidKeyException
Event: 7.635 loading class java/security/KeyException
Event: 7.635 loading class java/security/KeyException done
Event: 7.635 loading class java/security/InvalidKeyException done
Event: 7.749 loading class java/io/ObjectInputStream
Event: 7.750 loading class java/io/ObjectInput
Event: 7.750 loading class java/io/ObjectInput done
Event: 7.750 loading class java/io/ObjectStreamConstants
Event: 7.750 loading class java/io/ObjectStreamConstants done
Event: 7.750 loading class java/io/ObjectInputStream done
Event: 7.753 loading class java/io/ObjectOutputStream
Event: 7.753 loading class java/io/ObjectOutput
Event: 7.753 loading class java/io/ObjectOutput done
Event: 7.755 loading class java/io/ObjectOutputStream done


Dynamic libraries:
0x00007ff631160000 - 0x00007ff631170000 	C:\Program Files\Java\jdk-17.0.15\bin\java.exe
0x00007ff8e7c00000 - 0x00007ff8e7e68000 	C:\WINDOWS\SYSTEM32\ntdll.dll
0x00007ff8e67e0000 - 0x00007ff8e68a9000 	C:\WINDOWS\System32\KERNEL32.DLL
0x00007ff8e5180000 - 0x00007ff8e5578000 	C:\WINDOWS\System32\KERNELBASE.dll
0x00007ff8e4d50000 - 0x00007ff8e4e9b000 	C:\WINDOWS\System32\ucrtbase.dll
0x00007ff8aa470000 - 0x00007ff8aa489000 	C:\Program Files\Java\jdk-17.0.15\bin\jli.dll
0x00007ff8a9760000 - 0x00007ff8a977b000 	C:\Program Files\Java\jdk-17.0.15\bin\VCRUNTIME140.dll
0x00007ff8e7280000 - 0x00007ff8e7334000 	C:\WINDOWS\System32\ADVAPI32.dll
0x00007ff8e71d0000 - 0x00007ff8e7279000 	C:\WINDOWS\System32\msvcrt.dll
0x00007ff8e74a0000 - 0x00007ff8e7546000 	C:\WINDOWS\System32\sechost.dll
0x00007ff8e7aa0000 - 0x00007ff8e7bb8000 	C:\WINDOWS\System32\RPCRT4.dll
0x00007ff8e63f0000 - 0x00007ff8e65b7000 	C:\WINDOWS\System32\USER32.dll
0x00007ff8e50a0000 - 0x00007ff8e50c7000 	C:\WINDOWS\System32\win32u.dll
0x00007ff8c91d0000 - 0x00007ff8c9464000 	C:\WINDOWS\WinSxS\amd64_microsoft.windows.common-controls_6595b64144ccf1df_6.0.26100.7019_none_3e06ffa0e335b8a8\COMCTL32.dll
0x00007ff8e61e0000 - 0x00007ff8e620b000 	C:\WINDOWS\System32\GDI32.dll
0x00007ff8e5630000 - 0x00007ff8e575c000 	C:\WINDOWS\System32\gdi32full.dll
0x00007ff8e50d0000 - 0x00007ff8e5173000 	C:\WINDOWS\System32\msvcp_win.dll
0x00007ff8dde30000 - 0x00007ff8dde3b000 	C:\WINDOWS\SYSTEM32\VERSION.dll
0x00007ff8e7010000 - 0x00007ff8e7041000 	C:\WINDOWS\System32\IMM32.DLL
0x00007ff8b8c80000 - 0x00007ff8b8c8c000 	C:\Program Files\Java\jdk-17.0.15\bin\vcruntime140_1.dll
0x00007ff8609f0000 - 0x00007ff860a7e000 	C:\Program Files\Java\jdk-17.0.15\bin\msvcp140.dll
0x00007fffe1080000 - 0x00007fffe1c61000 	C:\Program Files\Java\jdk-17.0.15\bin\server\jvm.dll
0x00007ff8e77c0000 - 0x00007ff8e77c8000 	C:\WINDOWS\System32\PSAPI.DLL
0x00007ff8dd730000 - 0x00007ff8dd765000 	C:\WINDOWS\SYSTEM32\WINMM.dll
0x00007ff8bf720000 - 0x00007ff8bf72a000 	C:\WINDOWS\SYSTEM32\WSOCK32.dll
0x00007ff8e7420000 - 0x00007ff8e7494000 	C:\WINDOWS\System32\WS2_32.dll
0x00007ff8e3b10000 - 0x00007ff8e3b2b000 	C:\WINDOWS\SYSTEM32\kernel.appcore.dll
0x00007ff8b8b60000 - 0x00007ff8b8b6a000 	C:\Program Files\Java\jdk-17.0.15\bin\jimage.dll
0x00007ff8d76a0000 - 0x00007ff8d78e2000 	C:\WINDOWS\SYSTEM32\DBGHELP.DLL
0x00007ff8e59c0000 - 0x00007ff8e5d4b000 	C:\WINDOWS\System32\combase.dll
0x00007ff8e7340000 - 0x00007ff8e7417000 	C:\WINDOWS\System32\OLEAUT32.dll
0x00007ff8c8630000 - 0x00007ff8c866c000 	C:\WINDOWS\SYSTEM32\dbgcore.DLL
0x00007ff8e5580000 - 0x00007ff8e5625000 	C:\WINDOWS\System32\bcryptPrimitives.dll
0x00007ff8aa460000 - 0x00007ff8aa46e000 	C:\Program Files\Java\jdk-17.0.15\bin\instrument.dll
0x00007ff8a7910000 - 0x00007ff8a7935000 	C:\Program Files\Java\jdk-17.0.15\bin\java.dll
0x00007ff860360000 - 0x00007ff860437000 	C:\Program Files\Java\jdk-17.0.15\bin\jsvml.dll
0x00007ff8e68b0000 - 0x00007ff8e7001000 	C:\WINDOWS\System32\SHELL32.dll
0x00007ff8e4f30000 - 0x00007ff8e509b000 	C:\WINDOWS\System32\wintypes.dll
0x00007ff8e2960000 - 0x00007ff8e31bd000 	C:\WINDOWS\SYSTEM32\windows.storage.dll
0x00007ff8e6690000 - 0x00007ff8e6782000 	C:\WINDOWS\System32\SHCORE.dll
0x00007ff8e7a30000 - 0x00007ff8e7a97000 	C:\WINDOWS\System32\shlwapi.dll
0x00007ff8e4c70000 - 0x00007ff8e4c99000 	C:\WINDOWS\SYSTEM32\profapi.dll
0x00007ff8956c0000 - 0x00007ff8956d8000 	C:\Program Files\Java\jdk-17.0.15\bin\zip.dll
0x00007ff8a5800000 - 0x00007ff8a5819000 	C:\Program Files\Java\jdk-17.0.15\bin\net.dll
0x00007ff8dac20000 - 0x00007ff8dad48000 	C:\WINDOWS\SYSTEM32\WINHTTP.dll
0x00007ff8e4080000 - 0x00007ff8e40eb000 	C:\WINDOWS\system32\mswsock.dll
0x00007ff89a290000 - 0x00007ff89a2a6000 	C:\Program Files\Java\jdk-17.0.15\bin\nio.dll
0x00007ff8b8a40000 - 0x00007ff8b8a50000 	C:\Program Files\Java\jdk-17.0.15\bin\verify.dll
0x00007ff8b3b90000 - 0x00007ff8b3bb7000 	C:\Users\jimmy\.gradle\native\1def1411415f61bf3af743bc5b6707747c0891f09f0c88961ee8f79bc544acac\windows-amd64\native-platform.dll
0x00007ff867980000 - 0x00007ff8679f8000 	C:\Users\jimmy\.gradle\native\0.2.7\x86_64-windows-gnu\gradle-fileevents.dll
0x00007ff8b3070000 - 0x00007ff8b307a000 	C:\Program Files\Java\jdk-17.0.15\bin\management.dll
0x00007ff8abf40000 - 0x00007ff8abf4b000 	C:\Program Files\Java\jdk-17.0.15\bin\management_ext.dll
0x00007ff8e3580000 - 0x00007ff8e35b4000 	C:\WINDOWS\SYSTEM32\IPHLPAPI.DLL
0x00007ff8e71c0000 - 0x00007ff8e71ca000 	C:\WINDOWS\System32\NSI.dll
0x00007ff8db100000 - 0x00007ff8db11e000 	C:\WINDOWS\SYSTEM32\dhcpcsvc6.DLL
0x00007ff8daed0000 - 0x00007ff8daef3000 	C:\WINDOWS\SYSTEM32\dhcpcsvc.DLL
0x00007ff8e35c0000 - 0x00007ff8e36ec000 	C:\WINDOWS\SYSTEM32\DNSAPI.dll
0x00007ff8e4340000 - 0x00007ff8e435b000 	C:\WINDOWS\SYSTEM32\CRYPTSP.dll
0x00007ff8e3a70000 - 0x00007ff8e3aaa000 	C:\WINDOWS\system32\rsaenh.dll
0x00007ff8e4130000 - 0x00007ff8e415b000 	C:\WINDOWS\SYSTEM32\USERENV.dll
0x00007ff8e4c40000 - 0x00007ff8e4c6a000 	C:\WINDOWS\SYSTEM32\bcrypt.dll
0x00007ff8e4360000 - 0x00007ff8e436c000 	C:\WINDOWS\SYSTEM32\CRYPTBASE.dll
0x00007ff8a9750000 - 0x00007ff8a975e000 	C:\Program Files\Java\jdk-17.0.15\bin\sunmscapi.dll
0x00007ff8e5760000 - 0x00007ff8e58d7000 	C:\WINDOWS\System32\CRYPT32.dll
0x00007ff8e4560000 - 0x00007ff8e4590000 	C:\WINDOWS\SYSTEM32\ncrypt.dll
0x00007ff8e4510000 - 0x00007ff8e454f000 	C:\WINDOWS\SYSTEM32\NTASN1.dll
0x00007ff8d0840000 - 0x00007ff8d0848000 	C:\WINDOWS\system32\wshunix.dll

dbghelp: loaded successfully - version: 4.0.5 - missing functions: none
symbol engine: initialized successfully - sym options: 0x614 - pdb path: .;C:\Program Files\Java\jdk-17.0.15\bin;C:\WINDOWS\SYSTEM32;C:\WINDOWS\WinSxS\amd64_microsoft.windows.common-controls_6595b64144ccf1df_6.0.26100.7019_none_3e06ffa0e335b8a8;C:\Program Files\Java\jdk-17.0.15\bin\server;C:\Users\jimmy\.gradle\native\1def1411415f61bf3af743bc5b6707747c0891f09f0c88961ee8f79bc544acac\windows-amd64;C:\Users\jimmy\.gradle\native\0.2.7\x86_64-windows-gnu

VM Arguments:
jvm_args: --add-opens=java.base/java.lang=ALL-UNNAMED --add-opens=java.base/java.lang.invoke=ALL-UNNAMED --add-opens=java.base/java.util=ALL-UNNAMED --add-opens=java.prefs/java.util.prefs=ALL-UNNAMED --add-exports=jdk.compiler/com.sun.tools.javac.api=ALL-UNNAMED --add-exports=jdk.compiler/com.sun.tools.javac.util=ALL-UNNAMED --add-opens=java.base/java.util=ALL-UNNAMED --add-opens=java.prefs/java.util.prefs=ALL-UNNAMED --add-opens=java.base/java.nio.charset=ALL-UNNAMED --add-opens=java.base/java.net=ALL-UNNAMED --add-opens=java.base/java.util.concurrent.atomic=ALL-UNNAMED --add-opens=java.xml/javax.xml.namespace=ALL-UNNAMED -Xmx2048m -Dfile.encoding=UTF-8 -Duser.country=GB -Duser.language=en -Duser.variant -javaagent:C:\Users\jimmy\.gradle\wrapper\dists\gradle-8.13-bin\5xuhj0ry160q40clulazy9h7d\gradle-8.13\lib\agents\gradle-instrumentation-agent-8.13.jar 
java_command: org.gradle.launcher.daemon.bootstrap.GradleDaemon 8.13
java_class_path (initial): C:\Users\jimmy\.gradle\wrapper\dists\gradle-8.13-bin\5xuhj0ry160q40clulazy9h7d\gradle-8.13\lib\gradle-daemon-main-8.13.jar
Launcher Type: SUN_STANDARD

[Global flags]
     intx CICompilerCount                          = 4                                         {product} {ergonomic}
     uint ConcGCThreads                            = 3                                         {product} {ergonomic}
     uint G1ConcRefinementThreads                  = 10                                        {product} {ergonomic}
   size_t G1HeapRegionSize                         = 1048576                                   {product} {ergonomic}
    uintx GCDrainStackTargetSize                   = 64                                        {product} {ergonomic}
   size_t InitialHeapSize                          = 123731968                                 {product} {ergonomic}
   size_t MarkStackSize                            = 4194304                                   {product} {ergonomic}
   size_t MaxHeapSize                              = 2147483648                                {product} {command line}
   size_t MaxNewSize                               = 1287651328                                {product} {ergonomic}
   size_t MinHeapDeltaBytes                        = 1048576                                   {product} {ergonomic}
   size_t MinHeapSize                              = 8388608                                   {product} {ergonomic}
    uintx NonNMethodCodeHeapSize                   = 5839372                                {pd product} {ergonomic}
    uintx NonProfiledCodeHeapSize                  = 122909434                              {pd product} {ergonomic}
    uintx ProfiledCodeHeapSize                     = 122909434                              {pd product} {ergonomic}
    uintx ReservedCodeCacheSize                    = 251658240                              {pd product} {ergonomic}
     bool SegmentedCodeCache                       = true                                      {product} {ergonomic}
   size_t SoftMaxHeapSize                          = 2147483648                             {manageable} {ergonomic}
     bool UseCompressedClassPointers               = true                           {product lp64_product} {ergonomic}
     bool UseCompressedOops                        = true                           {product lp64_product} {ergonomic}
     bool UseG1GC                                  = true                                      {product} {ergonomic}
     bool UseLargePagesIndividualAllocation        = false                                  {pd product} {ergonomic}

Logging:
Log output configuration:
 #0: stdout all=warning uptime,level,tags
 #1: stderr all=off uptime,level,tags

Environment Variables:
JAVA_HOME=C:\Program Files\Java\jdk-17.0.15
CLASSPATH=C:\Users\jimmy\Documents\chama\\gradle\wrapper\gradle-wrapper.jar
PATH=C:\Program Files (x86)\PowerShell\7;C:\cygwin64\bin;C:\Program Files\Java\jdk-17.0.15;C:\Python312\Scripts\;C:\Python312\;C:\Program Files\Common Files\Oracle\Java\javapath;C:\windows\system32;C:\windows;C:\windows\System32\Wbem;C:\windows\System32\WindowsPowerShell\v1.0\;C:\windows\System32\OpenSSH\;C:\msys64\usr\bin;C:\msys64\ucrt64\bin;C:\Program Files (x86)\PowerShell\7\;C:\Program Files\Git\cmd;C:\Program Files\HP\HP One Agent;C:\Program Files\dotnet\;C:\ProgramData\chocolatey\bin;C:\Users\jimmy\OneDrive - Strathmore University\Documents\NetBeansProjects\GNI\src\gni\hello.dll;C:\Program Files\Microsoft VS Code Insiders\bin;C:\xampp\php;C:\ProgramData\chocolatey\lib-bad;C:\WINDOWS\system32;C:\WINDOWS;C:\WINDOWS\System32\Wbem;C:\WINDOWS\System32\WindowsPowerShell\v1.0\;C:\WINDOWS\System32\OpenSSH\;C:\Program Files\Go\bin;C:\Users\jimmy\AppData\Local\Pub\Cache\bin;C:\Users\jimmy\flutter\flutter\bin;C:\Program Files\android-ndk-r27c;C:\Program Files (x86)\Google\Cloud SDK\google-cloud-sdk\bin;C:\Program Files\nodejs\;C:\Program Files\cursor\resources\app\bin;C:\Program Files\PuTTY\;C:\adb\platform-tools;C:\Program Files\MySQL\MySQL Shell 8.0\bin\;C:\Users\jimmy\AppData\Local\Microsoft\WindowsApps;C:\Users\jimmy\AppData\Local\Programs\Microsoft VS Code Insiders\bin;C:\Program Files\JetBrains\IntelliJ IDEA Community Edition 2024.2.4\bin;C:\Users\jimmy\AppData\Local\GitHubDesktop\bin;C:\Users\jimmy\.dotnet\tools;C:\Users\jimmy\AppData\Local\Microsoft\WinGet\Packages\Schniz.fnm_Microsoft.Winget.Source_8wekyb3d8bbwe;C:\Users\jimmy\Downloads\flutter_windows_3.24.3-stable.zip\flutter;C:\Users\jimmy\flutter\flutter\bin;C:\Users\jimmy\go\bin;C:\Program Files\JetBrains\DataGrip 2025.1.2\bin;C:\tools\dart-sdk\bin;C:\Users\jimmy\AppData\Local\Pub\Cache\bin;C:\Users\jimmy\AppData\Roaming\npm;C:\Users\jimmy\AppData\Local\Programs\MiKTeX\miktex\bin\x64\;C:\Program Files\JetBrains\PyCharm 2025.2.0.1\bin;C:\Program Files\JetBrains\IntelliJ IDEA 2025.2\bin;C:\Users\jimmy\AppData\L
USERNAME=jimmy
LANG=en_US.UTF-8
OS=Windows_NT
PROCESSOR_IDENTIFIER=AMD64 Family 25 Model 80 Stepping 0, AuthenticAMD



---------------  S Y S T E M  ---------------

OS:
 Windows 11 , 64 bit Build 26100 (10.0.26100.7019)
OS uptime: 0 days 3:07 hours
Hyper-V role detected

CPU: total 12 (initial active 12) (12 cores per cpu, 2 threads per core) family 25 model 80 stepping 0 microcode 0xa500011, cx8, cmov, fxsr, ht, mmx, 3dnowpref, sse, sse2, sse3, ssse3, sse4a, sse4.1, sse4.2, popcnt, lzcnt, tsc, tscinvbit, avx, avx2, aes, erms, clmul, bmi1, bmi2, adx, sha, fma, vzeroupper, clflush, clflushopt, hv

Memory: 4k page, system-wide physical 7531M (593M free)
TotalPageFile size 31083M (AvailPageFile size 298M)
current process WorkingSet (physical memory assigned to process): 210M, peak: 213M
current process commit charge ("private bytes"): 288M, peak: 291M

vm_info: Java HotSpot(TM) 64-Bit Server VM (17.0.15+9-LTS-241) for windows-amd64 JRE (17.0.15+9-LTS-241), built on Feb 20 2025 10:49:54 by "mach5one" with MS VC++ 17.6 (VS2022)

END.
