#
# There is insufficient memory for the Java Runtime Environment to continue.
# Native memory allocation (mmap) failed to map 123731968 bytes for G1 virtual space
# Possible reasons:
#   The system is out of physical RAM or swap space
#   The process is running with CompressedOops enabled, and the Java Heap may be blocking the growth of the native heap
# Possible solutions:
#   Reduce memory load on the system
#   Increase physical memory or swap space
#   Check if swap backing store is full
#   Decrease Java heap size (-Xmx/-Xms)
#   Decrease number of Java threads
#   Decrease Java thread stack sizes (-Xss)
#   Set larger code cache with -XX:ReservedCodeCacheSize=
#   JVM is running with Unscaled Compressed Oops mode in which the Java heap is
#     placed in the first 4GB address space. The Java Heap base address is the
#     maximum limit for the native heap growth. Please use -XX:HeapBaseMinAddress
#     to set the Java Heap base and to place the Java Heap above 4GB virtual address.
# This output file may be truncated or incomplete.
#
#  Out of Memory Error (os_windows.cpp:3551), pid=23792, tid=22080
#
# JRE version:  (17.0.15+9) (build )
# Java VM: Java HotSpot(TM) 64-Bit Server VM (17.0.15+9-LTS-241, mixed mode, sharing, tiered, compressed oops, compressed class ptrs, g1 gc, windows-amd64)
# No core dump will be written. Minidumps are not enabled by default on client versions of Windows
#

---------------  S U M M A R Y ------------

Command Line: -Djava.awt.headless=true -Djava.library.path=C:\Program Files\Java\jdk-17.0.15\bin;C:\WINDOWS\Sun\Java\bin;C:\WINDOWS\system32;C:\WINDOWS;C:\cygwin64\bin;C:\Program Files\Java\jdk-17.0.15;C:\Python312\Scripts\;C:\Python312\;C:\Program Files\Common Files\Oracle\Java\javapath;C:\windows\system32;C:\windows;C:\windows\System32\Wbem;C:\windows\System32\WindowsPowerShell\v1.0\;C:\windows\System32\OpenSSH\;C:\msys64\usr\bin;C:\msys64\ucrt64\bin;C:\Program Files (x86)\PowerShell\7\;C:\Program Files\Git\cmd;C:\Program Files\HP\HP One Agent;C:\Program Files\dotnet\;C:\ProgramData\chocolatey\bin;C:\Users\jimmy\OneDrive - Strathmore University\Documents\NetBeansProjects\GNI\src\gni\hello.dll;C:\Program Files\Microsoft VS Code Insiders\bin;C:\xampp\php;C:\ProgramData\chocolatey\lib-bad;C:\WINDOWS\system32;C:\WINDOWS;C:\WINDOWS\System32\Wbem;C:\WINDOWS\System32\WindowsPowerShell\v1.0\;C:\WINDOWS\System32\OpenSSH\;C:\Program Files\Go\bin;C:\Users\jimmy\AppData\Local\Pub\Cache\bin;C:\Users\jimmy\flutter\flutter\bin;C:\Program Files\android-ndk-r27c;C:\Program Files (x86)\Google\Cloud SDK\google-cloud-sdk\bin;C:\Program Files\nodejs\;C:\Program Files\cursor\resources\app\bin;C:\Program Files\PuTTY\;C:\adb\platform-tools;C:\Program Files\MySQL\MySQL Shell 8.0\bin\;C:\Users\jimmy\AppData\Local\Microsoft\WindowsApps;C:\Users\jimmy\AppData\Local\Programs\Microsoft VS Code Insiders\bin;C:\Program Files\JetBrains\IntelliJ IDEA Community Edition 2024.2.4\bin;C:\Users\jimmy\AppData\Local\GitHubDesktop\bin;C:\Users\jimmy\.dotnet\tools;C:\Users\jimmy\AppData\Local\Microsoft\WinGet\Packages\Schniz.fnm_Microsoft.Winget.Source_8wekyb3d8bbwe;C:\Users\jimmy\Downloads\flutter_windows_3.24.3-stable.zip\flutter;C:\Users\jimmy\flutter\flutter\bin;C:\Users\jimmy\go\bin;C:\Program Files\JetBrains\DataGrip 2025.1.2\bin;C:\tools\dart-sdk\bin;C:\Users\jimmy\AppData\Local\Pub\Cache\bin;C:\Users\jimmy\AppData\Roaming\npm;C:\Users\jimmy\AppData\Local\Programs\MiKTeX\miktex\bin\x64\;C:\Program Files\JetBrains\PyCharm 2025.2.0.1\bin;-Dorg.gradle.internal.worker.tmpdir=C:\Users\jimmy\Documents\chama\app\build\tmp\testDebugUnitTest\work --add-opens=java.base/java.io=ALL-UNNAMED -Xmx512m -Dfile.encoding=UTF-8 -Duser.country=GB -Duser.language=en -Duser.variant -ea worker.org.gradle.process.internal.worker.GradleWorkerMain 'Gradle Test Executor 1'

Host: AMD Ryzen 5 5625U with Radeon Graphics         , 12 cores, 7G,  Windows 11 , 64 bit Build 26100 (10.0.26100.7019)
Time: Wed Nov 12 14:34:52 2025 E. Africa Standard Time elapsed time: 1.511110 seconds (0d 0h 0m 1s)

---------------  T H R E A D  ---------------

Current thread (0x000001a7bdd3b610):  JavaThread "Unknown thread" [_thread_in_vm, id=22080, stack(0x000000904a300000,0x000000904a400000)]

Stack: [0x000000904a300000,0x000000904a400000]
Native frames: (J=compiled Java code, j=interpreted, Vv=VM code, C=native code)
V  [jvm.dll+0x67a46a]
V  [jvm.dll+0x7da6ad]
V  [jvm.dll+0x7dbff3]
V  [jvm.dll+0x7dc663]
V  [jvm.dll+0x24523f]
V  [jvm.dll+0x677499]
V  [jvm.dll+0x66c122]
V  [jvm.dll+0x302156]
V  [jvm.dll+0x3096f6]
V  [jvm.dll+0x35a04e]
V  [jvm.dll+0x35a27f]
V  [jvm.dll+0x2d9228]
V  [jvm.dll+0x2da194]
V  [jvm.dll+0x7ace91]
V  [jvm.dll+0x3678b1]
V  [jvm.dll+0x78be69]
V  [jvm.dll+0x3ecc6e]
V  [jvm.dll+0x3ee8a1]
C  [jli.dll+0x5297]
C  [ucrtbase.dll+0x37b0]
C  [KERNEL32.DLL+0x2e8d7]
C  [ntdll.dll+0x8c53c]


---------------  P R O C E S S  ---------------

Threads class SMR info:
_java_thread_list=0x00007fffe1b38a18, length=0, elements={
}

Java Threads: ( => current thread )

Other Threads:
  0x000001a7bdd691f0 GCTaskThread "GC Thread#0" [stack: 0x000000904a400000,0x000000904a500000] [id=32944]
  0x000001a7bdd733e0 ConcurrentGCThread "G1 Main Marker" [stack: 0x000000904a500000,0x000000904a600000] [id=27000]
  0x000001a7bdd73c00 ConcurrentGCThread "G1 Conc#0" [stack: 0x000000904a600000,0x000000904a700000] [id=33256]

[error occurred during error reporting (printing all threads), id 0xc0000005, EXCEPTION_ACCESS_VIOLATION (0xc0000005) at pc=0x00007fffe1369d17]

VM state: not at safepoint (not fully initialized)

VM Mutex/Monitor currently owned by a thread:  ([mutex/lock_event])
[0x000001a7bdd37910] Heap_lock - owner thread: 0x000001a7bdd3b610

Heap address: 0x00000000e0000000, size: 512 MB, Compressed Oops mode: 32-bit

CDS archive(s) mapped at: [0x0000000000000000-0x0000000000000000-0x0000000000000000), size 0, SharedBaseAddress: 0x0000000800000000, ArchiveRelocationMode: 1.
Narrow klass base: 0x0000000000000000, Narrow klass shift: 0, Narrow klass range: 0x0

GC Precious Log:
<Empty>

Heap:
 garbage-first heap   total 0K, used 0K [0x00000000e0000000, 0x0000000100000000)
  region size 1024K, 0 young (0K), 0 survivors (0K)

[error occurred during error reporting (printing heap information), id 0xc0000005, EXCEPTION_ACCESS_VIOLATION (0xc0000005) at pc=0x00007fffe1753c09]

GC Heap History (0 events):
No events

Deoptimization events (0 events):
No events

Classes unloaded (0 events):
No events

Classes redefined (0 events):
No events

Internal exceptions (0 events):
No events

VM Operations (0 events):
No events

Events (1 events):
Event: 0.063 Loaded shared library C:\Program Files\Java\jdk-17.0.15\bin\java.dll


Dynamic libraries:
0x00007ff631160000 - 0x00007ff631170000 	C:\Program Files\Java\jdk-17.0.15\bin\java.exe
0x00007ff8e7c00000 - 0x00007ff8e7e68000 	C:\WINDOWS\SYSTEM32\ntdll.dll
0x00007ff8e67e0000 - 0x00007ff8e68a9000 	C:\WINDOWS\System32\KERNEL32.DLL
0x00007ff8e5180000 - 0x00007ff8e5578000 	C:\WINDOWS\System32\KERNELBASE.dll
0x00007ff8e4d50000 - 0x00007ff8e4e9b000 	C:\WINDOWS\System32\ucrtbase.dll
0x00007ff8a9760000 - 0x00007ff8a977b000 	C:\Program Files\Java\jdk-17.0.15\bin\VCRUNTIME140.dll
0x00007ff8aa470000 - 0x00007ff8aa489000 	C:\Program Files\Java\jdk-17.0.15\bin\jli.dll
0x00007ff8e7280000 - 0x00007ff8e7334000 	C:\WINDOWS\System32\ADVAPI32.dll
0x00007ff8e71d0000 - 0x00007ff8e7279000 	C:\WINDOWS\System32\msvcrt.dll
0x00007ff8e74a0000 - 0x00007ff8e7546000 	C:\WINDOWS\System32\sechost.dll
0x00007ff8e7aa0000 - 0x00007ff8e7bb8000 	C:\WINDOWS\System32\RPCRT4.dll
0x00007ff8e63f0000 - 0x00007ff8e65b7000 	C:\WINDOWS\System32\USER32.dll
0x00007ff8e50a0000 - 0x00007ff8e50c7000 	C:\WINDOWS\System32\win32u.dll
0x00007ff8e61e0000 - 0x00007ff8e620b000 	C:\WINDOWS\System32\GDI32.dll
0x00007ff8c91d0000 - 0x00007ff8c9464000 	C:\WINDOWS\WinSxS\amd64_microsoft.windows.common-controls_6595b64144ccf1df_6.0.26100.7019_none_3e06ffa0e335b8a8\COMCTL32.dll
0x00007ff8e5630000 - 0x00007ff8e575c000 	C:\WINDOWS\System32\gdi32full.dll
0x00007ff8e50d0000 - 0x00007ff8e5173000 	C:\WINDOWS\System32\msvcp_win.dll
0x00007ff8dde30000 - 0x00007ff8dde3b000 	C:\WINDOWS\SYSTEM32\VERSION.dll
0x00007ff8e7010000 - 0x00007ff8e7041000 	C:\WINDOWS\System32\IMM32.DLL
0x00007ff8b8c80000 - 0x00007ff8b8c8c000 	C:\Program Files\Java\jdk-17.0.15\bin\vcruntime140_1.dll
0x00007ff8609f0000 - 0x00007ff860a7e000 	C:\Program Files\Java\jdk-17.0.15\bin\msvcp140.dll
0x00007fffe1080000 - 0x00007fffe1c61000 	C:\Program Files\Java\jdk-17.0.15\bin\server\jvm.dll
0x00007ff8e77c0000 - 0x00007ff8e77c8000 	C:\WINDOWS\System32\PSAPI.DLL
0x00007ff8dd730000 - 0x00007ff8dd765000 	C:\WINDOWS\SYSTEM32\WINMM.dll
0x00007ff8bf720000 - 0x00007ff8bf72a000 	C:\WINDOWS\SYSTEM32\WSOCK32.dll
0x00007ff8e7420000 - 0x00007ff8e7494000 	C:\WINDOWS\System32\WS2_32.dll
0x00007ff8e3b10000 - 0x00007ff8e3b2b000 	C:\WINDOWS\SYSTEM32\kernel.appcore.dll
0x00007ff8b8b60000 - 0x00007ff8b8b6a000 	C:\Program Files\Java\jdk-17.0.15\bin\jimage.dll
0x00007ff8d76a0000 - 0x00007ff8d78e2000 	C:\WINDOWS\SYSTEM32\DBGHELP.DLL
0x00007ff8e59c0000 - 0x00007ff8e5d4b000 	C:\WINDOWS\System32\combase.dll
0x00007ff8e7340000 - 0x00007ff8e7417000 	C:\WINDOWS\System32\OLEAUT32.dll
0x00007ff8c8630000 - 0x00007ff8c866c000 	C:\WINDOWS\SYSTEM32\dbgcore.DLL
0x00007ff8e5580000 - 0x00007ff8e5625000 	C:\WINDOWS\System32\bcryptPrimitives.dll
0x00007ff8a7910000 - 0x00007ff8a7935000 	C:\Program Files\Java\jdk-17.0.15\bin\java.dll

dbghelp: loaded successfully - version: 4.0.5 - missing functions: none
symbol engine: initialized successfully - sym options: 0x614 - pdb path: .;C:\Program Files\Java\jdk-17.0.15\bin;C:\WINDOWS\SYSTEM32;C:\WINDOWS\WinSxS\amd64_microsoft.windows.common-controls_6595b64144ccf1df_6.0.26100.7019_none_3e06ffa0e335b8a8;C:\Program Files\Java\jdk-17.0.15\bin\server

VM Arguments:
jvm_args: -Djava.awt.headless=true -Djava.library.path=C:\Program Files\Java\jdk-17.0.15\bin;C:\WINDOWS\Sun\Java\bin;C:\WINDOWS\system32;C:\WINDOWS;C:\cygwin64\bin;C:\Program Files\Java\jdk-17.0.15;C:\Python312\Scripts\;C:\Python312\;C:\Program Files\Common Files\Oracle\Java\javapath;C:\windows\system32;C:\windows;C:\windows\System32\Wbem;C:\windows\System32\WindowsPowerShell\v1.0\;C:\windows\System32\OpenSSH\;C:\msys64\usr\bin;C:\msys64\ucrt64\bin;C:\Program Files (x86)\PowerShell\7\;C:\Program Files\Git\cmd;C:\Program Files\HP\HP One Agent;C:\Program Files\dotnet\;C:\ProgramData\chocolatey\bin;C:\Users\jimmy\OneDrive - Strathmore University\Documents\NetBeansProjects\GNI\src\gni\hello.dll;C:\Program Files\Microsoft VS Code Insiders\bin;C:\xampp\php;C:\ProgramData\chocolatey\lib-bad;C:\WINDOWS\system32;C:\WINDOWS;C:\WINDOWS\System32\Wbem;C:\WINDOWS\System32\WindowsPowerShell\v1.0\;C:\WINDOWS\System32\OpenSSH\;C:\Program Files\Go\bin;C:\Users\jimmy\AppData\Local\Pub\Cache\bin;C:\Users\jimmy\flutter\flutter\bin;C:\Program Files\android-ndk-r27c;C:\Program Files (x86)\Google\Cloud SDK\google-cloud-sdk\bin;C:\Program Files\nodejs\;C:\Program Files\cursor\resources\app\bin;C:\Program Files\PuTTY\;C:\adb\platform-tools;C:\Program Files\MySQL\MySQL Shell 8.0\bin\;C:\Users\jimmy\AppData\Local\Microsoft\WindowsApps;C:\Users\jimmy\AppData\Local\Programs\Microsoft VS Code Insiders\bin;C:\Program Files\JetBrains\IntelliJ IDEA Community Edition 2024.2.4\bin;C:\Users\jimmy\AppData\Local\GitHubDesktop\bin;C:\Users\jimmy\.dotnet\tools;C:\Users\jimmy\AppData\Local\Microsoft\WinGet\Packages\Schniz.fnm_Microsoft.Winget.Source_8wekyb3d8bbwe;C:\Users\jimmy\Downloads\flutter_windows_3.24.3-stable.zip\flutter;C:\Users\jimmy\flutter\flutter\bin;C:\Users\jimmy\go\bin;C:\Program Files\JetBrains\DataGrip 2025.1.2\bin;C:\tools\dart-sdk\bin;C:\Users\jimmy\AppData\Local\Pub\Cache\bin;C:\Users\jimmy\AppData\Roaming\npm;C:\Users\jimmy\AppData\Local\Programs\MiKTeX\miktex\bin\x64\;C:\Program Files\JetBrains\PyCharm 2025.2.0.1\bin;-Dorg.gradle.internal.worker.tmpdir=C:\Users\jimmy\Documents\chama\app\build\tmp\testDebugUnitTest\work --add-opens=java.base/java.io=ALL-UNNAMED -Xmx512m -Dfile.encoding=UTF-8 -Duser.country=GB -Duser.language=en -Duser.variant -ea 
java_command: worker.org.gradle.process.internal.worker.GradleWorkerMain 'Gradle Test Executor 1'
java_class_path (initial): C:\\Users\\jimmy\\.gradle\\caches\\8.13\\workerMain\\gradle-worker.jar;C:\\Users\\jimmy\\Documents\\chama\\app\\build\\tmp\\kotlin-classes\\debugUnitTest;C:\\Users\\jimmy\\Documents\\chama\\app\\build\\intermediates\\java_res\\debugUnitTest\\processDebugUnitTestJavaRes\\out;C:\\Users\\jimmy\\Documents\\chama\\app\\build\\intermediates\\runtime_app_classes_jar\\debug\\bundleDebugClassesToRuntimeJar\\classes.jar;C:\\Users\\jimmy\\.gradle\\caches\\modules-2\\files-2.1\\org.jetbrains.kotlin\\kotlin-parcelize-runtime\\2.0.21\\8947a70750a8552acfe84ad5703e16bf072d9368\\kotlin-parcelize-runtime-2.0.21.jar;C:\\Users\\jimmy\\.gradle\\caches\\modules-2\\files-2.1\\junit\\junit\\4.13.2\\8ac9e16d933b6fb43bc7f576336b8f4d7eb5ba12\\junit-4.13.2.jar;C:\\Users\\jimmy\\.gradle\\caches\\8.13\\transforms\\88fdb294b0cf6fddb242825e677a4874\\transformed\\viewbinding-8.12.3-runtime.jar;C:\\Users\\jimmy\\.gradle\\caches\\8.13\\transforms\\298a14a9b41e2224b643863517efd99e\\transformed\\navigation-runtime-release-runtime.jar;C:\\Users\\jimmy\\.gradle\\caches\\8.13\\transforms\\5eb66d565421c59e27d47313c4891e2e\\transformed\\navigation-common-release-runtime.jar;C:\\Users\\jimmy\\.gradle\\caches\\8.13\\transforms\\11e6a2894edaba4cbabca68e628825c5\\transformed\\navigation-ui-ktx-2.9.5-runtime.jar;C:\\Users\\jimmy\\.gradle\\caches\\8.13\\transforms\\f4a96eebb378b2c6c3706a694f8e1752\\transformed\\navigation-fragment-ktx-2.9.5-runtime.jar;C:\\Users\\jimmy\\.gradle\\caches\\8.13\\transforms\\d24f1dbd3a0742f08d0f92742173177b\\transformed\\navigation-fragment-2.9.5-runtime.jar;C:\\Users\\jimmy\\.gradle\\caches\\8.13\\transforms\\e3ce1c491651341902e0ec1bcb7c721e\\transformed\\navigation-ui-2.9.5-runtime.jar;C:\\Users\\jimmy\\.gradle\\caches\\8.13\\transforms\\c18057a80109d36dee3299c9b6710456\\transformed\\material-1.10.0-runtime.jar;C:\\Users\\jimmy\\.gradle\\caches\\8.13\\transforms\\1f77af05a4a7280aa0f22800a4194531\\transformed\\constraintlayout-2.1.4-runtime.jar;C:\\Users
Launcher Type: SUN_STANDARD

[Global flags]
     intx CICompilerCount                          = 4                                         {product} {ergonomic}
     uint ConcGCThreads                            = 3                                         {product} {ergonomic}
     uint G1ConcRefinementThreads                  = 10                                        {product} {ergonomic}
   size_t G1HeapRegionSize                         = 1048576                                   {product} {ergonomic}
    uintx GCDrainStackTargetSize                   = 64                                        {product} {ergonomic}
   size_t InitialHeapSize                          = 123731968                                 {product} {ergonomic}
   size_t MarkStackSize                            = 4194304                                   {product} {ergonomic}
   size_t MaxHeapSize                              = 536870912                                 {product} {command line}
   size_t MinHeapDeltaBytes                        = 1048576                                   {product} {ergonomic}
   size_t MinHeapSize                              = 8388608                                   {product} {ergonomic}
    uintx NonNMethodCodeHeapSize                   = 5839372                                {pd product} {ergonomic}
    uintx NonProfiledCodeHeapSize                  = 122909434                              {pd product} {ergonomic}
    uintx ProfiledCodeHeapSize                     = 122909434                              {pd product} {ergonomic}
    uintx ReservedCodeCacheSize                    = 251658240                              {pd product} {ergonomic}
     bool SegmentedCodeCache                       = true                                      {product} {ergonomic}
   size_t SoftMaxHeapSize                          = 536870912                              {manageable} {ergonomic}
     bool UseCompressedClassPointers               = true                           {product lp64_product} {ergonomic}
     bool UseCompressedOops                        = true                           {product lp64_product} {ergonomic}
     bool UseG1GC                                  = true                                      {product} {ergonomic}
     bool UseLargePagesIndividualAllocation        = false                                  {pd product} {ergonomic}

Logging:
Log output configuration:
 #0: stdout all=warning uptime,level,tags
 #1: stderr all=off uptime,level,tags

Environment Variables:
JAVA_HOME=C:\Program Files\Java\jdk-17.0.15
CLASSPATH=C:\Users\jimmy\Documents\chama\\gradle\wrapper\gradle-wrapper.jar
PATH=C:\Program Files (x86)\PowerShell\7;C:\cygwin64\bin;C:\Program Files\Java\jdk-17.0.15;C:\Python312\Scripts\;C:\Python312\;C:\Program Files\Common Files\Oracle\Java\javapath;C:\windows\system32;C:\windows;C:\windows\System32\Wbem;C:\windows\System32\WindowsPowerShell\v1.0\;C:\windows\System32\OpenSSH\;C:\msys64\usr\bin;C:\msys64\ucrt64\bin;C:\Program Files (x86)\PowerShell\7\;C:\Program Files\Git\cmd;C:\Program Files\HP\HP One Agent;C:\Program Files\dotnet\;C:\ProgramData\chocolatey\bin;C:\Users\jimmy\OneDrive - Strathmore University\Documents\NetBeansProjects\GNI\src\gni\hello.dll;C:\Program Files\Microsoft VS Code Insiders\bin;C:\xampp\php;C:\ProgramData\chocolatey\lib-bad;C:\WINDOWS\system32;C:\WINDOWS;C:\WINDOWS\System32\Wbem;C:\WINDOWS\System32\WindowsPowerShell\v1.0\;C:\WINDOWS\System32\OpenSSH\;C:\Program Files\Go\bin;C:\Users\jimmy\AppData\Local\Pub\Cache\bin;C:\Users\jimmy\flutter\flutter\bin;C:\Program Files\android-ndk-r27c;C:\Program Files (x86)\Google\Cloud SDK\google-cloud-sdk\bin;C:\Program Files\nodejs\;C:\Program Files\cursor\resources\app\bin;C:\Program Files\PuTTY\;C:\adb\platform-tools;C:\Program Files\MySQL\MySQL Shell 8.0\bin\;C:\Users\jimmy\AppData\Local\Microsoft\WindowsApps;C:\Users\jimmy\AppData\Local\Programs\Microsoft VS Code Insiders\bin;C:\Program Files\JetBrains\IntelliJ IDEA Community Edition 2024.2.4\bin;C:\Users\jimmy\AppData\Local\GitHubDesktop\bin;C:\Users\jimmy\.dotnet\tools;C:\Users\jimmy\AppData\Local\Microsoft\WinGet\Packages\Schniz.fnm_Microsoft.Winget.Source_8wekyb3d8bbwe;C:\Users\jimmy\Downloads\flutter_windows_3.24.3-stable.zip\flutter;C:\Users\jimmy\flutter\flutter\bin;C:\Users\jimmy\go\bin;C:\Program Files\JetBrains\DataGrip 2025.1.2\bin;C:\tools\dart-sdk\bin;C:\Users\jimmy\AppData\Local\Pub\Cache\bin;C:\Users\jimmy\AppData\Roaming\npm;C:\Users\jimmy\AppData\Local\Programs\MiKTeX\miktex\bin\x64\;C:\Program Files\JetBrains\PyCharm 2025.2.0.1\bin;C:\Program Files\JetBrains\IntelliJ IDEA 2025.2\bin;C:\Users\jimmy\AppData\L
USERNAME=jimmy
LANG=en_US.UTF-8
OS=Windows_NT
PROCESSOR_IDENTIFIER=AMD64 Family 25 Model 80 Stepping 0, AuthenticAMD



---------------  S Y S T E M  ---------------

OS:
 Windows 11 , 64 bit Build 26100 (10.0.26100.7019)
OS uptime: 0 days 3:18 hours
Hyper-V role detected

CPU: total 12 (initial active 12) (12 cores per cpu, 2 threads per core) family 25 model 80 stepping 0 microcode 0xa500011, cx8, cmov, fxsr, ht, mmx, 3dnowpref, sse, sse2, sse3, ssse3, sse4a, sse4.1, sse4.2, popcnt, lzcnt, tsc, tscinvbit, avx, avx2, aes, erms, clmul, bmi1, bmi2, adx, sha, fma, vzeroupper, clflush, clflushopt, hv

Memory: 4k page, system-wide physical 7531M (399M free)
TotalPageFile size 31083M (AvailPageFile size 72M)
current process WorkingSet (physical memory assigned to process): 11M, peak: 11M
current process commit charge ("private bytes"): 64M, peak: 181M

vm_info: Java HotSpot(TM) 64-Bit Server VM (17.0.15+9-LTS-241) for windows-amd64 JRE (17.0.15+9-LTS-241), built on Feb 20 2025 10:49:54 by "mach5one" with MS VC++ 17.6 (VS2022)

END.
